<?xml version="1.0" encoding="UTF-8"?>
<testsuites>
  <testsuite name="" tests="84" assertions="234" errors="0" warnings="0" failures="0" skipped="0" time="0.067237">
    <testsuite name="Project Test Suite" tests="84" assertions="234" errors="0" warnings="0" failures="0" skipped="0" time="0.067237">
      <testsuite name="App\AdventureGame\AdventureGameExtraTest" file="/home/hafsa/dbwebb-kurser/mvc/me/report/tests/Adventure/AdventureGameExtraTest.php" tests="3" assertions="11" errors="0" warnings="0" failures="0" skipped="0" time="0.013397">
        <testcase name="testCheckIngredients" class="App\AdventureGame\AdventureGameExtraTest" classname="App.AdventureGame.AdventureGameExtraTest" file="/home/hafsa/dbwebb-kurser/mvc/me/report/tests/Adventure/AdventureGameExtraTest.php" line="64" assertions="3" time="0.010489"/>
        <testcase name="testAvailableActions" class="App\AdventureGame\AdventureGameExtraTest" classname="App.AdventureGame.AdventureGameExtraTest" file="/home/hafsa/dbwebb-kurser/mvc/me/report/tests/Adventure/AdventureGameExtraTest.php" line="96" assertions="6" time="0.002467"/>
        <testcase name="testAvailableOptions" class="App\AdventureGame\AdventureGameExtraTest" classname="App.AdventureGame.AdventureGameExtraTest" file="/home/hafsa/dbwebb-kurser/mvc/me/report/tests/Adventure/AdventureGameExtraTest.php" line="111" assertions="2" time="0.000440"/>
      </testsuite>
      <testsuite name="App\AdventureGame\AdventureGameMoreTest" file="/home/hafsa/dbwebb-kurser/mvc/me/report/tests/Adventure/AdventureGameMoreTest.php" tests="9" assertions="33" errors="0" warnings="0" failures="0" skipped="0" time="0.007300">
        <testcase name="testCurrentRoomName" class="App\AdventureGame\AdventureGameMoreTest" classname="App.AdventureGame.AdventureGameMoreTest" file="/home/hafsa/dbwebb-kurser/mvc/me/report/tests/Adventure/AdventureGameMoreTest.php" line="58" assertions="2" time="0.000955"/>
        <testcase name="testCurrentRoomItems" class="App\AdventureGame\AdventureGameMoreTest" classname="App.AdventureGame.AdventureGameMoreTest" file="/home/hafsa/dbwebb-kurser/mvc/me/report/tests/Adventure/AdventureGameMoreTest.php" line="69" assertions="3" time="0.000975"/>
        <testcase name="testSetCurrentRoom" class="App\AdventureGame\AdventureGameMoreTest" classname="App.AdventureGame.AdventureGameMoreTest" file="/home/hafsa/dbwebb-kurser/mvc/me/report/tests/Adventure/AdventureGameMoreTest.php" line="81" assertions="1" time="0.001527"/>
        <testcase name="testVisitedRooms" class="App\AdventureGame\AdventureGameMoreTest" classname="App.AdventureGame.AdventureGameMoreTest" file="/home/hafsa/dbwebb-kurser/mvc/me/report/tests/Adventure/AdventureGameMoreTest.php" line="94" assertions="7" time="0.000812"/>
        <testcase name="testGetAvailableDirections" class="App\AdventureGame\AdventureGameMoreTest" classname="App.AdventureGame.AdventureGameMoreTest" file="/home/hafsa/dbwebb-kurser/mvc/me/report/tests/Adventure/AdventureGameMoreTest.php" line="115" assertions="5" time="0.000381"/>
        <testcase name="testGetDirectionsDescription" class="App\AdventureGame\AdventureGameMoreTest" classname="App.AdventureGame.AdventureGameMoreTest" file="/home/hafsa/dbwebb-kurser/mvc/me/report/tests/Adventure/AdventureGameMoreTest.php" line="141" assertions="6" time="0.001262"/>
        <testcase name="testRoomAccordingToDirection" class="App\AdventureGame\AdventureGameMoreTest" classname="App.AdventureGame.AdventureGameMoreTest" file="/home/hafsa/dbwebb-kurser/mvc/me/report/tests/Adventure/AdventureGameMoreTest.php" line="186" assertions="4" time="0.000715"/>
        <testcase name="testRoomAccordingToDirectionInvalidDirection" class="App\AdventureGame\AdventureGameMoreTest" classname="App.AdventureGame.AdventureGameMoreTest" file="/home/hafsa/dbwebb-kurser/mvc/me/report/tests/Adventure/AdventureGameMoreTest.php" line="197" assertions="4" time="0.000361"/>
        <testcase name="testBasketItemEmpty" class="App\AdventureGame\AdventureGameMoreTest" classname="App.AdventureGame.AdventureGameMoreTest" file="/home/hafsa/dbwebb-kurser/mvc/me/report/tests/Adventure/AdventureGameMoreTest.php" line="209" assertions="1" time="0.000313"/>
      </testsuite>
      <testsuite name="App\AdventureGame\AdventureGameTest" file="/home/hafsa/dbwebb-kurser/mvc/me/report/tests/Adventure/AdventureGameTest.php" tests="10" assertions="25" errors="0" warnings="0" failures="0" skipped="0" time="0.003488">
        <testcase name="testPickUpOne" class="App\AdventureGame\AdventureGameTest" classname="App.AdventureGame.AdventureGameTest" file="/home/hafsa/dbwebb-kurser/mvc/me/report/tests/Adventure/AdventureGameTest.php" line="58" assertions="2" time="0.000316"/>
        <testcase name="testPickUpMany" class="App\AdventureGame\AdventureGameTest" classname="App.AdventureGame.AdventureGameTest" file="/home/hafsa/dbwebb-kurser/mvc/me/report/tests/Adventure/AdventureGameTest.php" line="69" assertions="2" time="0.000383"/>
        <testcase name="testPutBackEmpty" class="App\AdventureGame\AdventureGameTest" classname="App.AdventureGame.AdventureGameTest" file="/home/hafsa/dbwebb-kurser/mvc/me/report/tests/Adventure/AdventureGameTest.php" line="86" assertions="2" time="0.000316"/>
        <testcase name="testPutBackNotExist" class="App\AdventureGame\AdventureGameTest" classname="App.AdventureGame.AdventureGameTest" file="/home/hafsa/dbwebb-kurser/mvc/me/report/tests/Adventure/AdventureGameTest.php" line="97" assertions="2" time="0.000330"/>
        <testcase name="testPutBackExist" class="App\AdventureGame\AdventureGameTest" classname="App.AdventureGame.AdventureGameTest" file="/home/hafsa/dbwebb-kurser/mvc/me/report/tests/Adventure/AdventureGameTest.php" line="110" assertions="2" time="0.000348"/>
        <testcase name="testCheckItemInBasket" class="App\AdventureGame\AdventureGameTest" classname="App.AdventureGame.AdventureGameTest" file="/home/hafsa/dbwebb-kurser/mvc/me/report/tests/Adventure/AdventureGameTest.php" line="123" assertions="3" time="0.000332"/>
        <testcase name="testInspectRoomOrItemRoom" class="App\AdventureGame\AdventureGameTest" classname="App.AdventureGame.AdventureGameTest" file="/home/hafsa/dbwebb-kurser/mvc/me/report/tests/Adventure/AdventureGameTest.php" line="138" assertions="3" time="0.000332"/>
        <testcase name="testInspectRoomOrItemItem" class="App\AdventureGame\AdventureGameTest" classname="App.AdventureGame.AdventureGameTest" file="/home/hafsa/dbwebb-kurser/mvc/me/report/tests/Adventure/AdventureGameTest.php" line="150" assertions="3" time="0.000347"/>
        <testcase name="testInspectRoomOrItemBasketItem" class="App\AdventureGame\AdventureGameTest" classname="App.AdventureGame.AdventureGameTest" file="/home/hafsa/dbwebb-kurser/mvc/me/report/tests/Adventure/AdventureGameTest.php" line="162" assertions="3" time="0.000447"/>
        <testcase name="testInspectRoomOrItemEmptyInput" class="App\AdventureGame\AdventureGameTest" classname="App.AdventureGame.AdventureGameTest" file="/home/hafsa/dbwebb-kurser/mvc/me/report/tests/Adventure/AdventureGameTest.php" line="176" assertions="3" time="0.000338"/>
      </testsuite>
      <testsuite name="App\Card\CardGraphicTest" file="/home/hafsa/dbwebb-kurser/mvc/me/report/tests/Card/CardGraphicTest.php" tests="2" assertions="9" errors="0" warnings="0" failures="0" skipped="0" time="0.003527">
        <testcase name="testCreateObjectWithNoArguments" class="App\Card\CardGraphicTest" classname="App.Card.CardGraphicTest" file="/home/hafsa/dbwebb-kurser/mvc/me/report/tests/Card/CardGraphicTest.php" line="15" assertions="7" time="0.003190"/>
        <testcase name="testGetAsString" class="App\Card\CardGraphicTest" classname="App.Card.CardGraphicTest" file="/home/hafsa/dbwebb-kurser/mvc/me/report/tests/Card/CardGraphicTest.php" line="30" assertions="2" time="0.000337"/>
      </testsuite>
      <testsuite name="App\Card\CardHandTest" file="/home/hafsa/dbwebb-kurser/mvc/me/report/tests/Card/CardHandTest.php" tests="8" assertions="31" errors="0" warnings="0" failures="0" skipped="0" time="0.005992">
        <testcase name="testCreateObjectWithNoArguments" class="App\Card\CardHandTest" classname="App.Card.CardHandTest" file="/home/hafsa/dbwebb-kurser/mvc/me/report/tests/Card/CardHandTest.php" line="15" assertions="2" time="0.001155"/>
        <testcase name="testAddCard" class="App\Card\CardHandTest" classname="App.Card.CardHandTest" file="/home/hafsa/dbwebb-kurser/mvc/me/report/tests/Card/CardHandTest.php" line="26" assertions="1" time="0.000356"/>
        <testcase name="testRemoveCard" class="App\Card\CardHandTest" classname="App.Card.CardHandTest" file="/home/hafsa/dbwebb-kurser/mvc/me/report/tests/Card/CardHandTest.php" line="38" assertions="1" time="0.000332"/>
        <testcase name="testGetValues" class="App\Card\CardHandTest" classname="App.Card.CardHandTest" file="/home/hafsa/dbwebb-kurser/mvc/me/report/tests/Card/CardHandTest.php" line="51" assertions="6" time="0.001105"/>
        <testcase name="testGetStrings" class="App\Card\CardHandTest" classname="App.Card.CardHandTest" file="/home/hafsa/dbwebb-kurser/mvc/me/report/tests/Card/CardHandTest.php" line="75" assertions="5" time="0.000766"/>
        <testcase name="testGetColors" class="App\Card\CardHandTest" classname="App.Card.CardHandTest" file="/home/hafsa/dbwebb-kurser/mvc/me/report/tests/Card/CardHandTest.php" line="98" assertions="5" time="0.000442"/>
        <testcase name="testShuffle" class="App\Card\CardHandTest" classname="App.Card.CardHandTest" file="/home/hafsa/dbwebb-kurser/mvc/me/report/tests/Card/CardHandTest.php" line="121" assertions="3" time="0.001246"/>
        <testcase name="testDraw" class="App\Card\CardHandTest" classname="App.Card.CardHandTest" file="/home/hafsa/dbwebb-kurser/mvc/me/report/tests/Card/CardHandTest.php" line="142" assertions="8" time="0.000590"/>
      </testsuite>
      <testsuite name="App\Card\CardTest" file="/home/hafsa/dbwebb-kurser/mvc/me/report/tests/Card/CardTest.php" tests="6" assertions="27" errors="0" warnings="0" failures="0" skipped="0" time="0.001979">
        <testcase name="testCreateObjectWithNoArguments" class="App\Card\CardTest" classname="App.Card.CardTest" file="/home/hafsa/dbwebb-kurser/mvc/me/report/tests/Card/CardTest.php" line="15" assertions="7" time="0.000333"/>
        <testcase name="testCreateObjectWithArguments" class="App\Card\CardTest" classname="App.Card.CardTest" file="/home/hafsa/dbwebb-kurser/mvc/me/report/tests/Card/CardTest.php" line="30" assertions="9" time="0.000452"/>
        <testcase name="testMethodReturningCardValue" class="App\Card\CardTest" classname="App.Card.CardTest" file="/home/hafsa/dbwebb-kurser/mvc/me/report/tests/Card/CardTest.php" line="50" assertions="6" time="0.000347"/>
        <testcase name="testGetAsString" class="App\Card\CardTest" classname="App.Card.CardTest" file="/home/hafsa/dbwebb-kurser/mvc/me/report/tests/Card/CardTest.php" line="87" assertions="2" time="0.000281"/>
        <testcase name="testGetColor" class="App\Card\CardTest" classname="App.Card.CardTest" file="/home/hafsa/dbwebb-kurser/mvc/me/report/tests/Card/CardTest.php" line="102" assertions="2" time="0.000270"/>
        <testcase name="testDraw" class="App\Card\CardTest" classname="App.Card.CardTest" file="/home/hafsa/dbwebb-kurser/mvc/me/report/tests/Card/CardTest.php" line="122" assertions="1" time="0.000297"/>
      </testsuite>
      <testsuite name="App\Card\DeckOfCardsTest" file="/home/hafsa/dbwebb-kurser/mvc/me/report/tests/Card/DeckOfCardsTest.php" tests="3" assertions="3" errors="0" warnings="0" failures="0" skipped="0" time="0.003881">
        <testcase name="testCreateObjectWithNoArguments" class="App\Card\DeckOfCardsTest" classname="App.Card.DeckOfCardsTest" file="/home/hafsa/dbwebb-kurser/mvc/me/report/tests/Card/DeckOfCardsTest.php" line="32" assertions="1" time="0.002745"/>
        <testcase name="testCompleteDeck" class="App\Card\DeckOfCardsTest" classname="App.Card.DeckOfCardsTest" file="/home/hafsa/dbwebb-kurser/mvc/me/report/tests/Card/DeckOfCardsTest.php" line="41" assertions="1" time="0.000549"/>
        <testcase name="testIncompleteDeck" class="App\Card\DeckOfCardsTest" classname="App.Card.DeckOfCardsTest" file="/home/hafsa/dbwebb-kurser/mvc/me/report/tests/Card/DeckOfCardsTest.php" line="49" assertions="1" time="0.000587"/>
      </testsuite>
      <testsuite name="App\Entity\BookTest" file="/home/hafsa/dbwebb-kurser/mvc/me/report/tests/Entity/BookTest.php" tests="5" assertions="6" errors="0" warnings="0" failures="0" skipped="0" time="0.002237">
        <testcase name="testCreateObject" class="App\Entity\BookTest" classname="App.Entity.BookTest" file="/home/hafsa/dbwebb-kurser/mvc/me/report/tests/Entity/BookTest.php" line="28" assertions="2" time="0.001230"/>
        <testcase name="testSetAndGetIsbn" class="App\Entity\BookTest" classname="App.Entity.BookTest" file="/home/hafsa/dbwebb-kurser/mvc/me/report/tests/Entity/BookTest.php" line="37" assertions="1" time="0.000255"/>
        <testcase name="testSetAndGetTitle" class="App\Entity\BookTest" classname="App.Entity.BookTest" file="/home/hafsa/dbwebb-kurser/mvc/me/report/tests/Entity/BookTest.php" line="48" assertions="1" time="0.000260"/>
        <testcase name="testSetAndGetAuthor" class="App\Entity\BookTest" classname="App.Entity.BookTest" file="/home/hafsa/dbwebb-kurser/mvc/me/report/tests/Entity/BookTest.php" line="59" assertions="1" time="0.000233"/>
        <testcase name="testSetAndGetImage" class="App\Entity\BookTest" classname="App.Entity.BookTest" file="/home/hafsa/dbwebb-kurser/mvc/me/report/tests/Entity/BookTest.php" line="70" assertions="1" time="0.000260"/>
      </testsuite>
      <testsuite name="App\Entity\ItemTest" file="/home/hafsa/dbwebb-kurser/mvc/me/report/tests/Entity/ItemTest.php" tests="5" assertions="5" errors="0" warnings="0" failures="0" skipped="0" time="0.001302">
        <testcase name="testSetGetName" class="App\Entity\ItemTest" classname="App.Entity.ItemTest" file="/home/hafsa/dbwebb-kurser/mvc/me/report/tests/Entity/ItemTest.php" line="14" assertions="1" time="0.000235"/>
        <testcase name="testSetGetDescription" class="App\Entity\ItemTest" classname="App.Entity.ItemTest" file="/home/hafsa/dbwebb-kurser/mvc/me/report/tests/Entity/ItemTest.php" line="27" assertions="1" time="0.000232"/>
        <testcase name="testSetGetImage" class="App\Entity\ItemTest" classname="App.Entity.ItemTest" file="/home/hafsa/dbwebb-kurser/mvc/me/report/tests/Entity/ItemTest.php" line="40" assertions="1" time="0.000257"/>
        <testcase name="testSetGetRoom" class="App\Entity\ItemTest" classname="App.Entity.ItemTest" file="/home/hafsa/dbwebb-kurser/mvc/me/report/tests/Entity/ItemTest.php" line="53" assertions="1" time="0.000310"/>
        <testcase name="testSetGetId" class="App\Entity\ItemTest" classname="App.Entity.ItemTest" file="/home/hafsa/dbwebb-kurser/mvc/me/report/tests/Entity/ItemTest.php" line="66" assertions="1" time="0.000269"/>
      </testsuite>
      <testsuite name="App\Entity\ProductTest" file="/home/hafsa/dbwebb-kurser/mvc/me/report/tests/Entity/ProductTest.php" tests="3" assertions="6" errors="0" warnings="0" failures="0" skipped="0" time="0.002386">
        <testcase name="testCreateObject" class="App\Entity\ProductTest" classname="App.Entity.ProductTest" file="/home/hafsa/dbwebb-kurser/mvc/me/report/tests/Entity/ProductTest.php" line="28" assertions="2" time="0.001831"/>
        <testcase name="testSetAndGetName" class="App\Entity\ProductTest" classname="App.Entity.ProductTest" file="/home/hafsa/dbwebb-kurser/mvc/me/report/tests/Entity/ProductTest.php" line="37" assertions="2" time="0.000280"/>
        <testcase name="testSetAndGetValue" class="App\Entity\ProductTest" classname="App.Entity.ProductTest" file="/home/hafsa/dbwebb-kurser/mvc/me/report/tests/Entity/ProductTest.php" line="48" assertions="2" time="0.000275"/>
      </testsuite>
      <testsuite name="App\Entity\RoomTest" file="/home/hafsa/dbwebb-kurser/mvc/me/report/tests/Entity/RoomTest.php" tests="9" assertions="9" errors="0" warnings="0" failures="0" skipped="0" time="0.003044">
        <testcase name="testSetGetName" class="App\Entity\RoomTest" classname="App.Entity.RoomTest" file="/home/hafsa/dbwebb-kurser/mvc/me/report/tests/Entity/RoomTest.php" line="14" assertions="1" time="0.000308"/>
        <testcase name="testSetGetDescription" class="App\Entity\RoomTest" classname="App.Entity.RoomTest" file="/home/hafsa/dbwebb-kurser/mvc/me/report/tests/Entity/RoomTest.php" line="27" assertions="1" time="0.000299"/>
        <testcase name="testSetGetImage" class="App\Entity\RoomTest" classname="App.Entity.RoomTest" file="/home/hafsa/dbwebb-kurser/mvc/me/report/tests/Entity/RoomTest.php" line="40" assertions="1" time="0.000287"/>
        <testcase name="testSetGetNorth" class="App\Entity\RoomTest" classname="App.Entity.RoomTest" file="/home/hafsa/dbwebb-kurser/mvc/me/report/tests/Entity/RoomTest.php" line="53" assertions="1" time="0.000286"/>
        <testcase name="testSetGetSouth" class="App\Entity\RoomTest" classname="App.Entity.RoomTest" file="/home/hafsa/dbwebb-kurser/mvc/me/report/tests/Entity/RoomTest.php" line="66" assertions="1" time="0.000398"/>
        <testcase name="testSetGetEast" class="App\Entity\RoomTest" classname="App.Entity.RoomTest" file="/home/hafsa/dbwebb-kurser/mvc/me/report/tests/Entity/RoomTest.php" line="79" assertions="1" time="0.000393"/>
        <testcase name="testSetGetWest" class="App\Entity\RoomTest" classname="App.Entity.RoomTest" file="/home/hafsa/dbwebb-kurser/mvc/me/report/tests/Entity/RoomTest.php" line="92" assertions="1" time="0.000358"/>
        <testcase name="testSetGetInspect" class="App\Entity\RoomTest" classname="App.Entity.RoomTest" file="/home/hafsa/dbwebb-kurser/mvc/me/report/tests/Entity/RoomTest.php" line="105" assertions="1" time="0.000366"/>
        <testcase name="testSetGetId" class="App\Entity\RoomTest" classname="App.Entity.RoomTest" file="/home/hafsa/dbwebb-kurser/mvc/me/report/tests/Entity/RoomTest.php" line="118" assertions="1" time="0.000348"/>
      </testsuite>
      <testsuite name="App\Game21\BankTest" file="/home/hafsa/dbwebb-kurser/mvc/me/report/tests/Game21/BankTest.php" tests="1" assertions="3" errors="0" warnings="0" failures="0" skipped="0" time="0.003547">
        <testcase name="testCreateObject" class="App\Game21\BankTest" classname="App.Game21.BankTest" file="/home/hafsa/dbwebb-kurser/mvc/me/report/tests/Game21/BankTest.php" line="15" assertions="3" time="0.003547"/>
      </testsuite>
      <testsuite name="App\Game21\Game21Test" file="/home/hafsa/dbwebb-kurser/mvc/me/report/tests/Game21/Game21Test.php" tests="8" assertions="24" errors="0" warnings="0" failures="0" skipped="0" time="0.008670">
        <testcase name="testCreateObject" class="App\Game21\Game21Test" classname="App.Game21.Game21Test" file="/home/hafsa/dbwebb-kurser/mvc/me/report/tests/Game21/Game21Test.php" line="44" assertions="1" time="0.002839"/>
        <testcase name="testPlayerQueueInGame" class="App\Game21\Game21Test" classname="App.Game21.Game21Test" file="/home/hafsa/dbwebb-kurser/mvc/me/report/tests/Game21/Game21Test.php" line="53" assertions="6" time="0.001112"/>
        <testcase name="testCurrentPlayerHandIsEmpty" class="App\Game21\Game21Test" classname="App.Game21.Game21Test" file="/home/hafsa/dbwebb-kurser/mvc/me/report/tests/Game21/Game21Test.php" line="77" assertions="3" time="0.000941"/>
        <testcase name="testCardDeckInGame" class="App\Game21\Game21Test" classname="App.Game21.Game21Test" file="/home/hafsa/dbwebb-kurser/mvc/me/report/tests/Game21/Game21Test.php" line="91" assertions="6" time="0.001178"/>
        <testcase name="testHandTotalWithAceLower" class="App\Game21\Game21Test" classname="App.Game21.Game21Test" file="/home/hafsa/dbwebb-kurser/mvc/me/report/tests/Game21/Game21Test.php" line="112" assertions="2" time="0.000705"/>
        <testcase name="testHandTotalWithAceGreater" class="App\Game21\Game21Test" classname="App.Game21.Game21Test" file="/home/hafsa/dbwebb-kurser/mvc/me/report/tests/Game21/Game21Test.php" line="135" assertions="2" time="0.000645"/>
        <testcase name="testHandTotalWithoutAceLower" class="App\Game21\Game21Test" classname="App.Game21.Game21Test" file="/home/hafsa/dbwebb-kurser/mvc/me/report/tests/Game21/Game21Test.php" line="158" assertions="2" time="0.000626"/>
        <testcase name="testHandTotalWithoutAceGreater" class="App\Game21\Game21Test" classname="App.Game21.Game21Test" file="/home/hafsa/dbwebb-kurser/mvc/me/report/tests/Game21/Game21Test.php" line="181" assertions="2" time="0.000623"/>
      </testsuite>
      <testsuite name="App\Game21\Game21WinStatusTest" file="/home/hafsa/dbwebb-kurser/mvc/me/report/tests/Game21/Game21WinStatusTest.php" tests="6" assertions="24" errors="0" warnings="0" failures="0" skipped="0" time="0.004613">
        <testcase name="testNoLoserStatusYet" class="App\Game21\Game21WinStatusTest" classname="App.Game21.Game21WinStatusTest" file="/home/hafsa/dbwebb-kurser/mvc/me/report/tests/Game21/Game21WinStatusTest.php" line="45" assertions="4" time="0.000832"/>
        <testcase name="testPlayersHandTotalGreaterThan21" class="App\Game21\Game21WinStatusTest" classname="App.Game21.Game21WinStatusTest" file="/home/hafsa/dbwebb-kurser/mvc/me/report/tests/Game21/Game21WinStatusTest.php" line="73" assertions="4" time="0.000928"/>
        <testcase name="testPlayersHandTotalCloserTo21" class="App\Game21\Game21WinStatusTest" classname="App.Game21.Game21WinStatusTest" file="/home/hafsa/dbwebb-kurser/mvc/me/report/tests/Game21/Game21WinStatusTest.php" line="101" assertions="4" time="0.000759"/>
        <testcase name="testBanksHandTotalCloserTo21" class="App\Game21\Game21WinStatusTest" classname="App.Game21.Game21WinStatusTest" file="/home/hafsa/dbwebb-kurser/mvc/me/report/tests/Game21/Game21WinStatusTest.php" line="137" assertions="4" time="0.000760"/>
        <testcase name="testBanksHandTotalGreaterThan21" class="App\Game21\Game21WinStatusTest" classname="App.Game21.Game21WinStatusTest" file="/home/hafsa/dbwebb-kurser/mvc/me/report/tests/Game21/Game21WinStatusTest.php" line="173" assertions="4" time="0.000710"/>
        <testcase name="testHandTotalEqual" class="App\Game21\Game21WinStatusTest" classname="App.Game21.Game21WinStatusTest" file="/home/hafsa/dbwebb-kurser/mvc/me/report/tests/Game21/Game21WinStatusTest.php" line="210" assertions="4" time="0.000624"/>
      </testsuite>
      <testsuite name="App\Game21\PlayerTest" file="/home/hafsa/dbwebb-kurser/mvc/me/report/tests/Game21/PlayerTest.php" tests="6" assertions="18" errors="0" warnings="0" failures="0" skipped="0" time="0.001874">
        <testcase name="testCreateObject" class="App\Game21\PlayerTest" classname="App.Game21.PlayerTest" file="/home/hafsa/dbwebb-kurser/mvc/me/report/tests/Game21/PlayerTest.php" line="42" assertions="3" time="0.000283"/>
        <testcase name="testGetHandCount" class="App\Game21\PlayerTest" classname="App.Game21.PlayerTest" file="/home/hafsa/dbwebb-kurser/mvc/me/report/tests/Game21/PlayerTest.php" line="52" assertions="2" time="0.000243"/>
        <testcase name="testAddCard" class="App\Game21\PlayerTest" classname="App.Game21.PlayerTest" file="/home/hafsa/dbwebb-kurser/mvc/me/report/tests/Game21/PlayerTest.php" line="61" assertions="1" time="0.000475"/>
        <testcase name="testGetHandAsString" class="App\Game21\PlayerTest" classname="App.Game21.PlayerTest" file="/home/hafsa/dbwebb-kurser/mvc/me/report/tests/Game21/PlayerTest.php" line="76" assertions="4" time="0.000303"/>
        <testcase name="testGetHandValues" class="App\Game21\PlayerTest" classname="App.Game21.PlayerTest" file="/home/hafsa/dbwebb-kurser/mvc/me/report/tests/Game21/PlayerTest.php" line="91" assertions="5" time="0.000286"/>
        <testcase name="testGetHandColors" class="App\Game21\PlayerTest" classname="App.Game21.PlayerTest" file="/home/hafsa/dbwebb-kurser/mvc/me/report/tests/Game21/PlayerTest.php" line="107" assertions="3" time="0.000283"/>
      </testsuite>
    </testsuite>
  </testsuite>
</testsuites>
