<?xml version="1.0" encoding="UTF-8"?>
<testsuites>
  <testsuite name="" tests="84" assertions="231" errors="0" warnings="0" failures="0" skipped="0" time="0.052156">
    <testsuite name="Project Test Suite" tests="84" assertions="231" errors="0" warnings="0" failures="0" skipped="0" time="0.052156">
      <testsuite name="App\AdventureGame\AdventureGameExtraTest" file="/home/hafsa/dbwebb-kurser/mvc/me/report/tests/Adventure/AdventureGameExtraTest.php" tests="3" assertions="11" errors="0" warnings="0" failures="0" skipped="0" time="0.009427">
        <testcase name="testCheckIngredients" class="App\AdventureGame\AdventureGameExtraTest" classname="App.AdventureGame.AdventureGameExtraTest" file="/home/hafsa/dbwebb-kurser/mvc/me/report/tests/Adventure/AdventureGameExtraTest.php" line="58" assertions="3" time="0.006277"/>
        <testcase name="testGetActions" class="App\AdventureGame\AdventureGameExtraTest" classname="App.AdventureGame.AdventureGameExtraTest" file="/home/hafsa/dbwebb-kurser/mvc/me/report/tests/Adventure/AdventureGameExtraTest.php" line="90" assertions="6" time="0.002708"/>
        <testcase name="testGetOptions" class="App\AdventureGame\AdventureGameExtraTest" classname="App.AdventureGame.AdventureGameExtraTest" file="/home/hafsa/dbwebb-kurser/mvc/me/report/tests/Adventure/AdventureGameExtraTest.php" line="105" assertions="2" time="0.000442"/>
      </testsuite>
      <testsuite name="App\AdventureGame\AdventureGameMoreTest" file="/home/hafsa/dbwebb-kurser/mvc/me/report/tests/Adventure/AdventureGameMoreTest.php" tests="9" assertions="30" errors="0" warnings="0" failures="0" skipped="0" time="0.007866">
        <testcase name="testGetCurrentRoom" class="App\AdventureGame\AdventureGameMoreTest" classname="App.AdventureGame.AdventureGameMoreTest" file="/home/hafsa/dbwebb-kurser/mvc/me/report/tests/Adventure/AdventureGameMoreTest.php" line="58" assertions="2" time="0.001293"/>
        <testcase name="testGetCurrentRoomItems" class="App\AdventureGame\AdventureGameMoreTest" classname="App.AdventureGame.AdventureGameMoreTest" file="/home/hafsa/dbwebb-kurser/mvc/me/report/tests/Adventure/AdventureGameMoreTest.php" line="69" assertions="3" time="0.000994"/>
        <testcase name="testSetRoomTo" class="App\AdventureGame\AdventureGameMoreTest" classname="App.AdventureGame.AdventureGameMoreTest" file="/home/hafsa/dbwebb-kurser/mvc/me/report/tests/Adventure/AdventureGameMoreTest.php" line="81" assertions="1" time="0.001415"/>
        <testcase name="testGetVisitedRooms" class="App\AdventureGame\AdventureGameMoreTest" classname="App.AdventureGame.AdventureGameMoreTest" file="/home/hafsa/dbwebb-kurser/mvc/me/report/tests/Adventure/AdventureGameMoreTest.php" line="94" assertions="7" time="0.000808"/>
        <testcase name="testGetDirections" class="App\AdventureGame\AdventureGameMoreTest" classname="App.AdventureGame.AdventureGameMoreTest" file="/home/hafsa/dbwebb-kurser/mvc/me/report/tests/Adventure/AdventureGameMoreTest.php" line="115" assertions="5" time="0.000859"/>
        <testcase name="testCheckValidDirection" class="App\AdventureGame\AdventureGameMoreTest" classname="App.AdventureGame.AdventureGameMoreTest" file="/home/hafsa/dbwebb-kurser/mvc/me/report/tests/Adventure/AdventureGameMoreTest.php" line="141" assertions="3" time="0.000627"/>
        <testcase name="testGetDirectionsAsString" class="App\AdventureGame\AdventureGameMoreTest" classname="App.AdventureGame.AdventureGameMoreTest" file="/home/hafsa/dbwebb-kurser/mvc/me/report/tests/Adventure/AdventureGameMoreTest.php" line="163" assertions="4" time="0.001020"/>
        <testcase name="testGetLocationOfDirection" class="App\AdventureGame\AdventureGameMoreTest" classname="App.AdventureGame.AdventureGameMoreTest" file="/home/hafsa/dbwebb-kurser/mvc/me/report/tests/Adventure/AdventureGameMoreTest.php" line="176" assertions="4" time="0.000466"/>
        <testcase name="testGetBasketEmpty" class="App\AdventureGame\AdventureGameMoreTest" classname="App.AdventureGame.AdventureGameMoreTest" file="/home/hafsa/dbwebb-kurser/mvc/me/report/tests/Adventure/AdventureGameMoreTest.php" line="187" assertions="1" time="0.000385"/>
      </testsuite>
      <testsuite name="App\AdventureGame\AdventureGameTest" file="/home/hafsa/dbwebb-kurser/mvc/me/report/tests/Adventure/AdventureGameTest.php" tests="10" assertions="25" errors="0" warnings="0" failures="0" skipped="0" time="0.004148">
        <testcase name="testPickUpOne" class="App\AdventureGame\AdventureGameTest" classname="App.AdventureGame.AdventureGameTest" file="/home/hafsa/dbwebb-kurser/mvc/me/report/tests/Adventure/AdventureGameTest.php" line="58" assertions="2" time="0.000408"/>
        <testcase name="testPickUpMany" class="App\AdventureGame\AdventureGameTest" classname="App.AdventureGame.AdventureGameTest" file="/home/hafsa/dbwebb-kurser/mvc/me/report/tests/Adventure/AdventureGameTest.php" line="69" assertions="2" time="0.000538"/>
        <testcase name="testPutDownEmpty" class="App\AdventureGame\AdventureGameTest" classname="App.AdventureGame.AdventureGameTest" file="/home/hafsa/dbwebb-kurser/mvc/me/report/tests/Adventure/AdventureGameTest.php" line="86" assertions="2" time="0.000347"/>
        <testcase name="testPutDownNotExist" class="App\AdventureGame\AdventureGameTest" classname="App.AdventureGame.AdventureGameTest" file="/home/hafsa/dbwebb-kurser/mvc/me/report/tests/Adventure/AdventureGameTest.php" line="97" assertions="2" time="0.000341"/>
        <testcase name="testPutDownExist" class="App\AdventureGame\AdventureGameTest" classname="App.AdventureGame.AdventureGameTest" file="/home/hafsa/dbwebb-kurser/mvc/me/report/tests/Adventure/AdventureGameTest.php" line="110" assertions="2" time="0.000375"/>
        <testcase name="testCheckItemInBasket" class="App\AdventureGame\AdventureGameTest" classname="App.AdventureGame.AdventureGameTest" file="/home/hafsa/dbwebb-kurser/mvc/me/report/tests/Adventure/AdventureGameTest.php" line="123" assertions="3" time="0.000425"/>
        <testcase name="testInspectRoom" class="App\AdventureGame\AdventureGameTest" classname="App.AdventureGame.AdventureGameTest" file="/home/hafsa/dbwebb-kurser/mvc/me/report/tests/Adventure/AdventureGameTest.php" line="138" assertions="3" time="0.000499"/>
        <testcase name="testInspectItem" class="App\AdventureGame\AdventureGameTest" classname="App.AdventureGame.AdventureGameTest" file="/home/hafsa/dbwebb-kurser/mvc/me/report/tests/Adventure/AdventureGameTest.php" line="150" assertions="3" time="0.000424"/>
        <testcase name="testInspectBasketItem" class="App\AdventureGame\AdventureGameTest" classname="App.AdventureGame.AdventureGameTest" file="/home/hafsa/dbwebb-kurser/mvc/me/report/tests/Adventure/AdventureGameTest.php" line="162" assertions="3" time="0.000468"/>
        <testcase name="testInspectEmptyInput" class="App\AdventureGame\AdventureGameTest" classname="App.AdventureGame.AdventureGameTest" file="/home/hafsa/dbwebb-kurser/mvc/me/report/tests/Adventure/AdventureGameTest.php" line="176" assertions="3" time="0.000323"/>
      </testsuite>
      <testsuite name="App\Card\CardGraphicTest" file="/home/hafsa/dbwebb-kurser/mvc/me/report/tests/Card/CardGraphicTest.php" tests="2" assertions="9" errors="0" warnings="0" failures="0" skipped="0" time="0.001829">
        <testcase name="testCreateObjectWithNoArguments" class="App\Card\CardGraphicTest" classname="App.Card.CardGraphicTest" file="/home/hafsa/dbwebb-kurser/mvc/me/report/tests/Card/CardGraphicTest.php" line="15" assertions="7" time="0.001533"/>
        <testcase name="testGetAsString" class="App\Card\CardGraphicTest" classname="App.Card.CardGraphicTest" file="/home/hafsa/dbwebb-kurser/mvc/me/report/tests/Card/CardGraphicTest.php" line="30" assertions="2" time="0.000296"/>
      </testsuite>
      <testsuite name="App\Card\CardHandTest" file="/home/hafsa/dbwebb-kurser/mvc/me/report/tests/Card/CardHandTest.php" tests="8" assertions="31" errors="0" warnings="0" failures="0" skipped="0" time="0.005341">
        <testcase name="testCreateObjectWithNoArguments" class="App\Card\CardHandTest" classname="App.Card.CardHandTest" file="/home/hafsa/dbwebb-kurser/mvc/me/report/tests/Card/CardHandTest.php" line="15" assertions="2" time="0.001072"/>
        <testcase name="testAddCard" class="App\Card\CardHandTest" classname="App.Card.CardHandTest" file="/home/hafsa/dbwebb-kurser/mvc/me/report/tests/Card/CardHandTest.php" line="26" assertions="1" time="0.000313"/>
        <testcase name="testRemoveCard" class="App\Card\CardHandTest" classname="App.Card.CardHandTest" file="/home/hafsa/dbwebb-kurser/mvc/me/report/tests/Card/CardHandTest.php" line="38" assertions="1" time="0.000315"/>
        <testcase name="testGetValues" class="App\Card\CardHandTest" classname="App.Card.CardHandTest" file="/home/hafsa/dbwebb-kurser/mvc/me/report/tests/Card/CardHandTest.php" line="51" assertions="6" time="0.001099"/>
        <testcase name="testGetStrings" class="App\Card\CardHandTest" classname="App.Card.CardHandTest" file="/home/hafsa/dbwebb-kurser/mvc/me/report/tests/Card/CardHandTest.php" line="75" assertions="5" time="0.000651"/>
        <testcase name="testGetColors" class="App\Card\CardHandTest" classname="App.Card.CardHandTest" file="/home/hafsa/dbwebb-kurser/mvc/me/report/tests/Card/CardHandTest.php" line="98" assertions="5" time="0.000538"/>
        <testcase name="testShuffle" class="App\Card\CardHandTest" classname="App.Card.CardHandTest" file="/home/hafsa/dbwebb-kurser/mvc/me/report/tests/Card/CardHandTest.php" line="121" assertions="3" time="0.000836"/>
        <testcase name="testDraw" class="App\Card\CardHandTest" classname="App.Card.CardHandTest" file="/home/hafsa/dbwebb-kurser/mvc/me/report/tests/Card/CardHandTest.php" line="142" assertions="8" time="0.000518"/>
      </testsuite>
      <testsuite name="App\Card\CardTest" file="/home/hafsa/dbwebb-kurser/mvc/me/report/tests/Card/CardTest.php" tests="6" assertions="27" errors="0" warnings="0" failures="0" skipped="0" time="0.002395">
        <testcase name="testCreateObjectWithNoArguments" class="App\Card\CardTest" classname="App.Card.CardTest" file="/home/hafsa/dbwebb-kurser/mvc/me/report/tests/Card/CardTest.php" line="15" assertions="7" time="0.000471"/>
        <testcase name="testCreateObjectWithArguments" class="App\Card\CardTest" classname="App.Card.CardTest" file="/home/hafsa/dbwebb-kurser/mvc/me/report/tests/Card/CardTest.php" line="30" assertions="9" time="0.000528"/>
        <testcase name="testMethodReturningCardValue" class="App\Card\CardTest" classname="App.Card.CardTest" file="/home/hafsa/dbwebb-kurser/mvc/me/report/tests/Card/CardTest.php" line="50" assertions="6" time="0.000429"/>
        <testcase name="testGetAsString" class="App\Card\CardTest" classname="App.Card.CardTest" file="/home/hafsa/dbwebb-kurser/mvc/me/report/tests/Card/CardTest.php" line="87" assertions="2" time="0.000339"/>
        <testcase name="testGetColor" class="App\Card\CardTest" classname="App.Card.CardTest" file="/home/hafsa/dbwebb-kurser/mvc/me/report/tests/Card/CardTest.php" line="102" assertions="2" time="0.000325"/>
        <testcase name="testDraw" class="App\Card\CardTest" classname="App.Card.CardTest" file="/home/hafsa/dbwebb-kurser/mvc/me/report/tests/Card/CardTest.php" line="122" assertions="1" time="0.000304"/>
      </testsuite>
      <testsuite name="App\Card\DeckOfCardsTest" file="/home/hafsa/dbwebb-kurser/mvc/me/report/tests/Card/DeckOfCardsTest.php" tests="3" assertions="3" errors="0" warnings="0" failures="0" skipped="0" time="0.001913">
        <testcase name="testCreateObjectWithNoArguments" class="App\Card\DeckOfCardsTest" classname="App.Card.DeckOfCardsTest" file="/home/hafsa/dbwebb-kurser/mvc/me/report/tests/Card/DeckOfCardsTest.php" line="32" assertions="1" time="0.000810"/>
        <testcase name="testCompleteDeck" class="App\Card\DeckOfCardsTest" classname="App.Card.DeckOfCardsTest" file="/home/hafsa/dbwebb-kurser/mvc/me/report/tests/Card/DeckOfCardsTest.php" line="41" assertions="1" time="0.000531"/>
        <testcase name="testIncompleteDeck" class="App\Card\DeckOfCardsTest" classname="App.Card.DeckOfCardsTest" file="/home/hafsa/dbwebb-kurser/mvc/me/report/tests/Card/DeckOfCardsTest.php" line="49" assertions="1" time="0.000572"/>
      </testsuite>
      <testsuite name="App\Entity\BookTest" file="/home/hafsa/dbwebb-kurser/mvc/me/report/tests/Entity/BookTest.php" tests="5" assertions="6" errors="0" warnings="0" failures="0" skipped="0" time="0.001693">
        <testcase name="testCreateObject" class="App\Entity\BookTest" classname="App.Entity.BookTest" file="/home/hafsa/dbwebb-kurser/mvc/me/report/tests/Entity/BookTest.php" line="28" assertions="2" time="0.000698"/>
        <testcase name="testSetAndGetIsbn" class="App\Entity\BookTest" classname="App.Entity.BookTest" file="/home/hafsa/dbwebb-kurser/mvc/me/report/tests/Entity/BookTest.php" line="37" assertions="1" time="0.000266"/>
        <testcase name="testSetAndGetTitle" class="App\Entity\BookTest" classname="App.Entity.BookTest" file="/home/hafsa/dbwebb-kurser/mvc/me/report/tests/Entity/BookTest.php" line="48" assertions="1" time="0.000240"/>
        <testcase name="testSetAndGetAuthor" class="App\Entity\BookTest" classname="App.Entity.BookTest" file="/home/hafsa/dbwebb-kurser/mvc/me/report/tests/Entity/BookTest.php" line="59" assertions="1" time="0.000234"/>
        <testcase name="testSetAndGetImage" class="App\Entity\BookTest" classname="App.Entity.BookTest" file="/home/hafsa/dbwebb-kurser/mvc/me/report/tests/Entity/BookTest.php" line="70" assertions="1" time="0.000254"/>
      </testsuite>
      <testsuite name="App\Tests\Entity\ItemTest" file="/home/hafsa/dbwebb-kurser/mvc/me/report/tests/Entity/ItemTest.php" tests="5" assertions="5" errors="0" warnings="0" failures="0" skipped="0" time="0.001252">
        <testcase name="testSetGetName" class="App\Tests\Entity\ItemTest" classname="App.Tests.Entity.ItemTest" file="/home/hafsa/dbwebb-kurser/mvc/me/report/tests/Entity/ItemTest.php" line="14" assertions="1" time="0.000237"/>
        <testcase name="testSetGetDescription" class="App\Tests\Entity\ItemTest" classname="App.Tests.Entity.ItemTest" file="/home/hafsa/dbwebb-kurser/mvc/me/report/tests/Entity/ItemTest.php" line="27" assertions="1" time="0.000226"/>
        <testcase name="testSetGetImage" class="App\Tests\Entity\ItemTest" classname="App.Tests.Entity.ItemTest" file="/home/hafsa/dbwebb-kurser/mvc/me/report/tests/Entity/ItemTest.php" line="40" assertions="1" time="0.000290"/>
        <testcase name="testSetGetRoom" class="App\Tests\Entity\ItemTest" classname="App.Tests.Entity.ItemTest" file="/home/hafsa/dbwebb-kurser/mvc/me/report/tests/Entity/ItemTest.php" line="53" assertions="1" time="0.000267"/>
        <testcase name="testSetGetId" class="App\Tests\Entity\ItemTest" classname="App.Tests.Entity.ItemTest" file="/home/hafsa/dbwebb-kurser/mvc/me/report/tests/Entity/ItemTest.php" line="66" assertions="1" time="0.000232"/>
      </testsuite>
      <testsuite name="App\Entity\ProductTest" file="/home/hafsa/dbwebb-kurser/mvc/me/report/tests/Entity/ProductTest.php" tests="3" assertions="6" errors="0" warnings="0" failures="0" skipped="0" time="0.001245">
        <testcase name="testCreateObject" class="App\Entity\ProductTest" classname="App.Entity.ProductTest" file="/home/hafsa/dbwebb-kurser/mvc/me/report/tests/Entity/ProductTest.php" line="28" assertions="2" time="0.000622"/>
        <testcase name="testSetAndGetName" class="App\Entity\ProductTest" classname="App.Entity.ProductTest" file="/home/hafsa/dbwebb-kurser/mvc/me/report/tests/Entity/ProductTest.php" line="37" assertions="2" time="0.000314"/>
        <testcase name="testSetAndGetValue" class="App\Entity\ProductTest" classname="App.Entity.ProductTest" file="/home/hafsa/dbwebb-kurser/mvc/me/report/tests/Entity/ProductTest.php" line="48" assertions="2" time="0.000309"/>
      </testsuite>
      <testsuite name="App\Tests\Entity\RoomTest" file="/home/hafsa/dbwebb-kurser/mvc/me/report/tests/Entity/RoomTest.php" tests="9" assertions="9" errors="0" warnings="0" failures="0" skipped="0" time="0.002290">
        <testcase name="testSetGetName" class="App\Tests\Entity\RoomTest" classname="App.Tests.Entity.RoomTest" file="/home/hafsa/dbwebb-kurser/mvc/me/report/tests/Entity/RoomTest.php" line="14" assertions="1" time="0.000212"/>
        <testcase name="testSetGetDescription" class="App\Tests\Entity\RoomTest" classname="App.Tests.Entity.RoomTest" file="/home/hafsa/dbwebb-kurser/mvc/me/report/tests/Entity/RoomTest.php" line="27" assertions="1" time="0.000295"/>
        <testcase name="testSetGetImage" class="App\Tests\Entity\RoomTest" classname="App.Tests.Entity.RoomTest" file="/home/hafsa/dbwebb-kurser/mvc/me/report/tests/Entity/RoomTest.php" line="40" assertions="1" time="0.000267"/>
        <testcase name="testSetGetNorth" class="App\Tests\Entity\RoomTest" classname="App.Tests.Entity.RoomTest" file="/home/hafsa/dbwebb-kurser/mvc/me/report/tests/Entity/RoomTest.php" line="53" assertions="1" time="0.000253"/>
        <testcase name="testSetGetSouth" class="App\Tests\Entity\RoomTest" classname="App.Tests.Entity.RoomTest" file="/home/hafsa/dbwebb-kurser/mvc/me/report/tests/Entity/RoomTest.php" line="66" assertions="1" time="0.000236"/>
        <testcase name="testSetGetEast" class="App\Tests\Entity\RoomTest" classname="App.Tests.Entity.RoomTest" file="/home/hafsa/dbwebb-kurser/mvc/me/report/tests/Entity/RoomTest.php" line="79" assertions="1" time="0.000260"/>
        <testcase name="testSetGetWest" class="App\Tests\Entity\RoomTest" classname="App.Tests.Entity.RoomTest" file="/home/hafsa/dbwebb-kurser/mvc/me/report/tests/Entity/RoomTest.php" line="92" assertions="1" time="0.000277"/>
        <testcase name="testSetGetInspect" class="App\Tests\Entity\RoomTest" classname="App.Tests.Entity.RoomTest" file="/home/hafsa/dbwebb-kurser/mvc/me/report/tests/Entity/RoomTest.php" line="105" assertions="1" time="0.000240"/>
        <testcase name="testSetGetId" class="App\Tests\Entity\RoomTest" classname="App.Tests.Entity.RoomTest" file="/home/hafsa/dbwebb-kurser/mvc/me/report/tests/Entity/RoomTest.php" line="118" assertions="1" time="0.000250"/>
      </testsuite>
      <testsuite name="App\Game21\BankTest" file="/home/hafsa/dbwebb-kurser/mvc/me/report/tests/Game21/BankTest.php" tests="1" assertions="3" errors="0" warnings="0" failures="0" skipped="0" time="0.000900">
        <testcase name="testCreateObject" class="App\Game21\BankTest" classname="App.Game21.BankTest" file="/home/hafsa/dbwebb-kurser/mvc/me/report/tests/Game21/BankTest.php" line="15" assertions="3" time="0.000900"/>
      </testsuite>
      <testsuite name="App\Game21\Game21Test" file="/home/hafsa/dbwebb-kurser/mvc/me/report/tests/Game21/Game21Test.php" tests="8" assertions="24" errors="0" warnings="0" failures="0" skipped="0" time="0.005901">
        <testcase name="testCreateObject" class="App\Game21\Game21Test" classname="App.Game21.Game21Test" file="/home/hafsa/dbwebb-kurser/mvc/me/report/tests/Game21/Game21Test.php" line="44" assertions="1" time="0.001655"/>
        <testcase name="testPlayerQueueInGame" class="App\Game21\Game21Test" classname="App.Game21.Game21Test" file="/home/hafsa/dbwebb-kurser/mvc/me/report/tests/Game21/Game21Test.php" line="53" assertions="6" time="0.000602"/>
        <testcase name="testCurrentPlayerHandIsEmpty" class="App\Game21\Game21Test" classname="App.Game21.Game21Test" file="/home/hafsa/dbwebb-kurser/mvc/me/report/tests/Game21/Game21Test.php" line="77" assertions="3" time="0.000565"/>
        <testcase name="testCardDeckInGame" class="App\Game21\Game21Test" classname="App.Game21.Game21Test" file="/home/hafsa/dbwebb-kurser/mvc/me/report/tests/Game21/Game21Test.php" line="91" assertions="6" time="0.000605"/>
        <testcase name="testHandTotalWithAceLower" class="App\Game21\Game21Test" classname="App.Game21.Game21Test" file="/home/hafsa/dbwebb-kurser/mvc/me/report/tests/Game21/Game21Test.php" line="112" assertions="2" time="0.000558"/>
        <testcase name="testHandTotalWithAceGreater" class="App\Game21\Game21Test" classname="App.Game21.Game21Test" file="/home/hafsa/dbwebb-kurser/mvc/me/report/tests/Game21/Game21Test.php" line="135" assertions="2" time="0.000764"/>
        <testcase name="testHandTotalWithoutAceLower" class="App\Game21\Game21Test" classname="App.Game21.Game21Test" file="/home/hafsa/dbwebb-kurser/mvc/me/report/tests/Game21/Game21Test.php" line="158" assertions="2" time="0.000558"/>
        <testcase name="testHandTotalWithoutAceGreater" class="App\Game21\Game21Test" classname="App.Game21.Game21Test" file="/home/hafsa/dbwebb-kurser/mvc/me/report/tests/Game21/Game21Test.php" line="181" assertions="2" time="0.000594"/>
      </testsuite>
      <testsuite name="App\Game21\Game21WinStatusTest" file="/home/hafsa/dbwebb-kurser/mvc/me/report/tests/Game21/Game21WinStatusTest.php" tests="6" assertions="24" errors="0" warnings="0" failures="0" skipped="0" time="0.004032">
        <testcase name="testNoLoserStatusYet" class="App\Game21\Game21WinStatusTest" classname="App.Game21.Game21WinStatusTest" file="/home/hafsa/dbwebb-kurser/mvc/me/report/tests/Game21/Game21WinStatusTest.php" line="45" assertions="4" time="0.000697"/>
        <testcase name="testPlayersHandTotalGreaterThan21" class="App\Game21\Game21WinStatusTest" classname="App.Game21.Game21WinStatusTest" file="/home/hafsa/dbwebb-kurser/mvc/me/report/tests/Game21/Game21WinStatusTest.php" line="73" assertions="4" time="0.000621"/>
        <testcase name="testPlayersHandTotalCloserTo21" class="App\Game21\Game21WinStatusTest" classname="App.Game21.Game21WinStatusTest" file="/home/hafsa/dbwebb-kurser/mvc/me/report/tests/Game21/Game21WinStatusTest.php" line="101" assertions="4" time="0.000679"/>
        <testcase name="testBanksHandTotalCloserTo21" class="App\Game21\Game21WinStatusTest" classname="App.Game21.Game21WinStatusTest" file="/home/hafsa/dbwebb-kurser/mvc/me/report/tests/Game21/Game21WinStatusTest.php" line="137" assertions="4" time="0.000692"/>
        <testcase name="testBanksHandTotalGreaterThan21" class="App\Game21\Game21WinStatusTest" classname="App.Game21.Game21WinStatusTest" file="/home/hafsa/dbwebb-kurser/mvc/me/report/tests/Game21/Game21WinStatusTest.php" line="173" assertions="4" time="0.000659"/>
        <testcase name="testHandTotalEqual" class="App\Game21\Game21WinStatusTest" classname="App.Game21.Game21WinStatusTest" file="/home/hafsa/dbwebb-kurser/mvc/me/report/tests/Game21/Game21WinStatusTest.php" line="210" assertions="4" time="0.000684"/>
      </testsuite>
      <testsuite name="App\Game21\PlayerTest" file="/home/hafsa/dbwebb-kurser/mvc/me/report/tests/Game21/PlayerTest.php" tests="6" assertions="18" errors="0" warnings="0" failures="0" skipped="0" time="0.001925">
        <testcase name="testCreateObject" class="App\Game21\PlayerTest" classname="App.Game21.PlayerTest" file="/home/hafsa/dbwebb-kurser/mvc/me/report/tests/Game21/PlayerTest.php" line="42" assertions="3" time="0.000278"/>
        <testcase name="testGetHandCount" class="App\Game21\PlayerTest" classname="App.Game21.PlayerTest" file="/home/hafsa/dbwebb-kurser/mvc/me/report/tests/Game21/PlayerTest.php" line="52" assertions="2" time="0.000253"/>
        <testcase name="testAddCard" class="App\Game21\PlayerTest" classname="App.Game21.PlayerTest" file="/home/hafsa/dbwebb-kurser/mvc/me/report/tests/Game21/PlayerTest.php" line="61" assertions="1" time="0.000463"/>
        <testcase name="testGetHandAsString" class="App\Game21\PlayerTest" classname="App.Game21.PlayerTest" file="/home/hafsa/dbwebb-kurser/mvc/me/report/tests/Game21/PlayerTest.php" line="76" assertions="4" time="0.000365"/>
        <testcase name="testGetHandValues" class="App\Game21\PlayerTest" classname="App.Game21.PlayerTest" file="/home/hafsa/dbwebb-kurser/mvc/me/report/tests/Game21/PlayerTest.php" line="91" assertions="5" time="0.000287"/>
        <testcase name="testGetHandColors" class="App\Game21\PlayerTest" classname="App.Game21.PlayerTest" file="/home/hafsa/dbwebb-kurser/mvc/me/report/tests/Game21/PlayerTest.php" line="107" assertions="3" time="0.000278"/>
      </testsuite>
    </testsuite>
  </testsuite>
</testsuites>
