<?xml version="1.0" encoding="UTF-8"?>
<testsuites>
  <testsuite name="" tests="40" assertions="139" errors="0" warnings="0" failures="0" skipped="0" time="0.029403">
    <testsuite name="Project Test Suite" tests="40" assertions="139" errors="0" warnings="0" failures="0" skipped="0" time="0.029403">
      <testsuite name="App\Card\CardGraphicTest" file="/home/hafsa/dbwebb-kurser/mvc/me/report/tests/Card/CardGraphicTest.php" tests="2" assertions="9" errors="0" warnings="0" failures="0" skipped="0" time="0.005234">
        <testcase name="testCreateObjectWithNoArguments" class="App\Card\CardGraphicTest" classname="App.Card.CardGraphicTest" file="/home/hafsa/dbwebb-kurser/mvc/me/report/tests/Card/CardGraphicTest.php" line="15" assertions="7" time="0.004426"/>
        <testcase name="testGetAsString" class="App\Card\CardGraphicTest" classname="App.Card.CardGraphicTest" file="/home/hafsa/dbwebb-kurser/mvc/me/report/tests/Card/CardGraphicTest.php" line="30" assertions="2" time="0.000808"/>
      </testsuite>
      <testsuite name="App\Card\CardHandTest" file="/home/hafsa/dbwebb-kurser/mvc/me/report/tests/Card/CardHandTest.php" tests="8" assertions="31" errors="0" warnings="0" failures="0" skipped="0" time="0.006452">
        <testcase name="testCreateObjectWithNoArguments" class="App\Card\CardHandTest" classname="App.Card.CardHandTest" file="/home/hafsa/dbwebb-kurser/mvc/me/report/tests/Card/CardHandTest.php" line="15" assertions="2" time="0.000901"/>
        <testcase name="testAddCard" class="App\Card\CardHandTest" classname="App.Card.CardHandTest" file="/home/hafsa/dbwebb-kurser/mvc/me/report/tests/Card/CardHandTest.php" line="26" assertions="1" time="0.000368"/>
        <testcase name="testRemoveCard" class="App\Card\CardHandTest" classname="App.Card.CardHandTest" file="/home/hafsa/dbwebb-kurser/mvc/me/report/tests/Card/CardHandTest.php" line="38" assertions="1" time="0.000291"/>
        <testcase name="testGetValues" class="App\Card\CardHandTest" classname="App.Card.CardHandTest" file="/home/hafsa/dbwebb-kurser/mvc/me/report/tests/Card/CardHandTest.php" line="51" assertions="6" time="0.001305"/>
        <testcase name="testGetStrings" class="App\Card\CardHandTest" classname="App.Card.CardHandTest" file="/home/hafsa/dbwebb-kurser/mvc/me/report/tests/Card/CardHandTest.php" line="75" assertions="5" time="0.000487"/>
        <testcase name="testGetColors" class="App\Card\CardHandTest" classname="App.Card.CardHandTest" file="/home/hafsa/dbwebb-kurser/mvc/me/report/tests/Card/CardHandTest.php" line="98" assertions="5" time="0.000379"/>
        <testcase name="testShuffle" class="App\Card\CardHandTest" classname="App.Card.CardHandTest" file="/home/hafsa/dbwebb-kurser/mvc/me/report/tests/Card/CardHandTest.php" line="121" assertions="3" time="0.001941"/>
        <testcase name="testDraw" class="App\Card\CardHandTest" classname="App.Card.CardHandTest" file="/home/hafsa/dbwebb-kurser/mvc/me/report/tests/Card/CardHandTest.php" line="142" assertions="8" time="0.000781"/>
      </testsuite>
      <testsuite name="App\Card\CardTest" file="/home/hafsa/dbwebb-kurser/mvc/me/report/tests/Card/CardTest.php" tests="6" assertions="27" errors="0" warnings="0" failures="0" skipped="0" time="0.002737">
        <testcase name="testCreateObjectWithNoArguments" class="App\Card\CardTest" classname="App.Card.CardTest" file="/home/hafsa/dbwebb-kurser/mvc/me/report/tests/Card/CardTest.php" line="15" assertions="7" time="0.000296"/>
        <testcase name="testCreateObjectWithArguments" class="App\Card\CardTest" classname="App.Card.CardTest" file="/home/hafsa/dbwebb-kurser/mvc/me/report/tests/Card/CardTest.php" line="30" assertions="9" time="0.000348"/>
        <testcase name="testMethodReturningCardValue" class="App\Card\CardTest" classname="App.Card.CardTest" file="/home/hafsa/dbwebb-kurser/mvc/me/report/tests/Card/CardTest.php" line="50" assertions="6" time="0.000570"/>
        <testcase name="testGetAsString" class="App\Card\CardTest" classname="App.Card.CardTest" file="/home/hafsa/dbwebb-kurser/mvc/me/report/tests/Card/CardTest.php" line="87" assertions="2" time="0.000910"/>
        <testcase name="testGetColor" class="App\Card\CardTest" classname="App.Card.CardTest" file="/home/hafsa/dbwebb-kurser/mvc/me/report/tests/Card/CardTest.php" line="102" assertions="2" time="0.000338"/>
        <testcase name="testDraw" class="App\Card\CardTest" classname="App.Card.CardTest" file="/home/hafsa/dbwebb-kurser/mvc/me/report/tests/Card/CardTest.php" line="122" assertions="1" time="0.000276"/>
      </testsuite>
      <testsuite name="App\Card\DeckOfCardsTest" file="/home/hafsa/dbwebb-kurser/mvc/me/report/tests/Card/DeckOfCardsTest.php" tests="3" assertions="3" errors="0" warnings="0" failures="0" skipped="0" time="0.002368">
        <testcase name="testCreateObjectWithNoArguments" class="App\Card\DeckOfCardsTest" classname="App.Card.DeckOfCardsTest" file="/home/hafsa/dbwebb-kurser/mvc/me/report/tests/Card/DeckOfCardsTest.php" line="32" assertions="1" time="0.000879"/>
        <testcase name="testCompleteDeck" class="App\Card\DeckOfCardsTest" classname="App.Card.DeckOfCardsTest" file="/home/hafsa/dbwebb-kurser/mvc/me/report/tests/Card/DeckOfCardsTest.php" line="41" assertions="1" time="0.000763"/>
        <testcase name="testIncompleteDeck" class="App\Card\DeckOfCardsTest" classname="App.Card.DeckOfCardsTest" file="/home/hafsa/dbwebb-kurser/mvc/me/report/tests/Card/DeckOfCardsTest.php" line="49" assertions="1" time="0.000726"/>
      </testsuite>
      <testsuite name="App\Game21\BankTest" file="/home/hafsa/dbwebb-kurser/mvc/me/report/tests/Game21/BankTest.php" tests="1" assertions="3" errors="0" warnings="0" failures="0" skipped="0" time="0.000947">
        <testcase name="testCreateObject" class="App\Game21\BankTest" classname="App.Game21.BankTest" file="/home/hafsa/dbwebb-kurser/mvc/me/report/tests/Game21/BankTest.php" line="15" assertions="3" time="0.000947"/>
      </testsuite>
      <testsuite name="App\Game21\Game21Test" file="/home/hafsa/dbwebb-kurser/mvc/me/report/tests/Game21/Game21Test.php" tests="8" assertions="24" errors="0" warnings="0" failures="0" skipped="0" time="0.005137">
        <testcase name="testCreateObject" class="App\Game21\Game21Test" classname="App.Game21.Game21Test" file="/home/hafsa/dbwebb-kurser/mvc/me/report/tests/Game21/Game21Test.php" line="44" assertions="1" time="0.001082"/>
        <testcase name="testPlayerQueueInGame" class="App\Game21\Game21Test" classname="App.Game21.Game21Test" file="/home/hafsa/dbwebb-kurser/mvc/me/report/tests/Game21/Game21Test.php" line="53" assertions="6" time="0.000597"/>
        <testcase name="testCurrentPlayerHandIsEmpty" class="App\Game21\Game21Test" classname="App.Game21.Game21Test" file="/home/hafsa/dbwebb-kurser/mvc/me/report/tests/Game21/Game21Test.php" line="77" assertions="3" time="0.000964"/>
        <testcase name="testCardDeckInGame" class="App\Game21\Game21Test" classname="App.Game21.Game21Test" file="/home/hafsa/dbwebb-kurser/mvc/me/report/tests/Game21/Game21Test.php" line="91" assertions="6" time="0.000558"/>
        <testcase name="testHandTotalWithAceLower" class="App\Game21\Game21Test" classname="App.Game21.Game21Test" file="/home/hafsa/dbwebb-kurser/mvc/me/report/tests/Game21/Game21Test.php" line="112" assertions="2" time="0.000496"/>
        <testcase name="testHandTotalWithAceGreater" class="App\Game21\Game21Test" classname="App.Game21.Game21Test" file="/home/hafsa/dbwebb-kurser/mvc/me/report/tests/Game21/Game21Test.php" line="135" assertions="2" time="0.000478"/>
        <testcase name="testHandTotalWithoutAceLower" class="App\Game21\Game21Test" classname="App.Game21.Game21Test" file="/home/hafsa/dbwebb-kurser/mvc/me/report/tests/Game21/Game21Test.php" line="158" assertions="2" time="0.000475"/>
        <testcase name="testHandTotalWithoutAceGreater" class="App\Game21\Game21Test" classname="App.Game21.Game21Test" file="/home/hafsa/dbwebb-kurser/mvc/me/report/tests/Game21/Game21Test.php" line="181" assertions="2" time="0.000487"/>
      </testsuite>
      <testsuite name="App\Game21\Game21WinStatusTest" file="/home/hafsa/dbwebb-kurser/mvc/me/report/tests/Game21/Game21WinStatusTest.php" tests="6" assertions="24" errors="0" warnings="0" failures="0" skipped="0" time="0.004653">
        <testcase name="testNoLoserStatusYet" class="App\Game21\Game21WinStatusTest" classname="App.Game21.Game21WinStatusTest" file="/home/hafsa/dbwebb-kurser/mvc/me/report/tests/Game21/Game21WinStatusTest.php" line="45" assertions="4" time="0.001421"/>
        <testcase name="testPlayersHandTotalGreaterThan21" class="App\Game21\Game21WinStatusTest" classname="App.Game21.Game21WinStatusTest" file="/home/hafsa/dbwebb-kurser/mvc/me/report/tests/Game21/Game21WinStatusTest.php" line="73" assertions="4" time="0.000650"/>
        <testcase name="testPlayersHandTotalCloserTo21" class="App\Game21\Game21WinStatusTest" classname="App.Game21.Game21WinStatusTest" file="/home/hafsa/dbwebb-kurser/mvc/me/report/tests/Game21/Game21WinStatusTest.php" line="101" assertions="4" time="0.000628"/>
        <testcase name="testBanksHandTotalCloserTo21" class="App\Game21\Game21WinStatusTest" classname="App.Game21.Game21WinStatusTest" file="/home/hafsa/dbwebb-kurser/mvc/me/report/tests/Game21/Game21WinStatusTest.php" line="137" assertions="4" time="0.000616"/>
        <testcase name="testBanksHandTotalGreaterThan21" class="App\Game21\Game21WinStatusTest" classname="App.Game21.Game21WinStatusTest" file="/home/hafsa/dbwebb-kurser/mvc/me/report/tests/Game21/Game21WinStatusTest.php" line="173" assertions="4" time="0.000650"/>
        <testcase name="testHandTotalEqual" class="App\Game21\Game21WinStatusTest" classname="App.Game21.Game21WinStatusTest" file="/home/hafsa/dbwebb-kurser/mvc/me/report/tests/Game21/Game21WinStatusTest.php" line="210" assertions="4" time="0.000687"/>
      </testsuite>
      <testsuite name="App\Game21\PlayerTest" file="/home/hafsa/dbwebb-kurser/mvc/me/report/tests/Game21/PlayerTest.php" tests="6" assertions="18" errors="0" warnings="0" failures="0" skipped="0" time="0.001875">
        <testcase name="testCreateObject" class="App\Game21\PlayerTest" classname="App.Game21.PlayerTest" file="/home/hafsa/dbwebb-kurser/mvc/me/report/tests/Game21/PlayerTest.php" line="42" assertions="3" time="0.000253"/>
        <testcase name="testGetHandCount" class="App\Game21\PlayerTest" classname="App.Game21.PlayerTest" file="/home/hafsa/dbwebb-kurser/mvc/me/report/tests/Game21/PlayerTest.php" line="52" assertions="2" time="0.000288"/>
        <testcase name="testAddCard" class="App\Game21\PlayerTest" classname="App.Game21.PlayerTest" file="/home/hafsa/dbwebb-kurser/mvc/me/report/tests/Game21/PlayerTest.php" line="61" assertions="1" time="0.000378"/>
        <testcase name="testGetHandAsString" class="App\Game21\PlayerTest" classname="App.Game21.PlayerTest" file="/home/hafsa/dbwebb-kurser/mvc/me/report/tests/Game21/PlayerTest.php" line="76" assertions="4" time="0.000294"/>
        <testcase name="testGetHandValues" class="App\Game21\PlayerTest" classname="App.Game21.PlayerTest" file="/home/hafsa/dbwebb-kurser/mvc/me/report/tests/Game21/PlayerTest.php" line="91" assertions="5" time="0.000324"/>
        <testcase name="testGetHandColors" class="App\Game21\PlayerTest" classname="App.Game21.PlayerTest" file="/home/hafsa/dbwebb-kurser/mvc/me/report/tests/Game21/PlayerTest.php" line="107" assertions="3" time="0.000338"/>
      </testsuite>
    </testsuite>
  </testsuite>
</testsuites>
