<?xml version="1.0" encoding="UTF-8"?>
<testsuites>
  <testsuite name="" tests="84" assertions="231" errors="0" warnings="0" failures="0" skipped="0" time="0.044464">
    <testsuite name="Project Test Suite" tests="84" assertions="231" errors="0" warnings="0" failures="0" skipped="0" time="0.044464">
      <testsuite name="App\AdventureGame\AdventureGameExtraTest" file="/home/hafsa/dbwebb-kurser/mvc/me/report/tests/Adventure/AdventureGameExtraTest.php" tests="3" assertions="11" errors="0" warnings="0" failures="0" skipped="0" time="0.007298">
        <testcase name="testCheckIngredients" class="App\AdventureGame\AdventureGameExtraTest" classname="App.AdventureGame.AdventureGameExtraTest" file="/home/hafsa/dbwebb-kurser/mvc/me/report/tests/Adventure/AdventureGameExtraTest.php" line="58" assertions="3" time="0.005125"/>
        <testcase name="testGetActions" class="App\AdventureGame\AdventureGameExtraTest" classname="App.AdventureGame.AdventureGameExtraTest" file="/home/hafsa/dbwebb-kurser/mvc/me/report/tests/Adventure/AdventureGameExtraTest.php" line="90" assertions="6" time="0.001851"/>
        <testcase name="testGetOptions" class="App\AdventureGame\AdventureGameExtraTest" classname="App.AdventureGame.AdventureGameExtraTest" file="/home/hafsa/dbwebb-kurser/mvc/me/report/tests/Adventure/AdventureGameExtraTest.php" line="105" assertions="2" time="0.000322"/>
      </testsuite>
      <testsuite name="App\AdventureGame\AdventureGameMoreTest" file="/home/hafsa/dbwebb-kurser/mvc/me/report/tests/Adventure/AdventureGameMoreTest.php" tests="9" assertions="30" errors="0" warnings="0" failures="0" skipped="0" time="0.005065">
        <testcase name="testGetCurrentRoom" class="App\AdventureGame\AdventureGameMoreTest" classname="App.AdventureGame.AdventureGameMoreTest" file="/home/hafsa/dbwebb-kurser/mvc/me/report/tests/Adventure/AdventureGameMoreTest.php" line="58" assertions="2" time="0.000755"/>
        <testcase name="testGetCurrentRoomItems" class="App\AdventureGame\AdventureGameMoreTest" classname="App.AdventureGame.AdventureGameMoreTest" file="/home/hafsa/dbwebb-kurser/mvc/me/report/tests/Adventure/AdventureGameMoreTest.php" line="69" assertions="3" time="0.000726"/>
        <testcase name="testSetRoomTo" class="App\AdventureGame\AdventureGameMoreTest" classname="App.AdventureGame.AdventureGameMoreTest" file="/home/hafsa/dbwebb-kurser/mvc/me/report/tests/Adventure/AdventureGameMoreTest.php" line="81" assertions="1" time="0.001170"/>
        <testcase name="testGetVisitedRooms" class="App\AdventureGame\AdventureGameMoreTest" classname="App.AdventureGame.AdventureGameMoreTest" file="/home/hafsa/dbwebb-kurser/mvc/me/report/tests/Adventure/AdventureGameMoreTest.php" line="94" assertions="7" time="0.000640"/>
        <testcase name="testGetDirections" class="App\AdventureGame\AdventureGameMoreTest" classname="App.AdventureGame.AdventureGameMoreTest" file="/home/hafsa/dbwebb-kurser/mvc/me/report/tests/Adventure/AdventureGameMoreTest.php" line="115" assertions="5" time="0.000343"/>
        <testcase name="testCheckValidDirection" class="App\AdventureGame\AdventureGameMoreTest" classname="App.AdventureGame.AdventureGameMoreTest" file="/home/hafsa/dbwebb-kurser/mvc/me/report/tests/Adventure/AdventureGameMoreTest.php" line="141" assertions="3" time="0.000294"/>
        <testcase name="testGetDirectionsAsString" class="App\AdventureGame\AdventureGameMoreTest" classname="App.AdventureGame.AdventureGameMoreTest" file="/home/hafsa/dbwebb-kurser/mvc/me/report/tests/Adventure/AdventureGameMoreTest.php" line="163" assertions="4" time="0.000544"/>
        <testcase name="testGetLocationOfDirection" class="App\AdventureGame\AdventureGameMoreTest" classname="App.AdventureGame.AdventureGameMoreTest" file="/home/hafsa/dbwebb-kurser/mvc/me/report/tests/Adventure/AdventureGameMoreTest.php" line="176" assertions="4" time="0.000290"/>
        <testcase name="testGetBasketEmpty" class="App\AdventureGame\AdventureGameMoreTest" classname="App.AdventureGame.AdventureGameMoreTest" file="/home/hafsa/dbwebb-kurser/mvc/me/report/tests/Adventure/AdventureGameMoreTest.php" line="187" assertions="1" time="0.000302"/>
      </testsuite>
      <testsuite name="App\AdventureGame\AdventureGameTest" file="/home/hafsa/dbwebb-kurser/mvc/me/report/tests/Adventure/AdventureGameTest.php" tests="10" assertions="25" errors="0" warnings="0" failures="0" skipped="0" time="0.003403">
        <testcase name="testPickUpOne" class="App\AdventureGame\AdventureGameTest" classname="App.AdventureGame.AdventureGameTest" file="/home/hafsa/dbwebb-kurser/mvc/me/report/tests/Adventure/AdventureGameTest.php" line="58" assertions="2" time="0.000253"/>
        <testcase name="testPickUpMany" class="App\AdventureGame\AdventureGameTest" classname="App.AdventureGame.AdventureGameTest" file="/home/hafsa/dbwebb-kurser/mvc/me/report/tests/Adventure/AdventureGameTest.php" line="69" assertions="2" time="0.000308"/>
        <testcase name="testPutDownEmpty" class="App\AdventureGame\AdventureGameTest" classname="App.AdventureGame.AdventureGameTest" file="/home/hafsa/dbwebb-kurser/mvc/me/report/tests/Adventure/AdventureGameTest.php" line="86" assertions="2" time="0.000246"/>
        <testcase name="testPutDownNotExist" class="App\AdventureGame\AdventureGameTest" classname="App.AdventureGame.AdventureGameTest" file="/home/hafsa/dbwebb-kurser/mvc/me/report/tests/Adventure/AdventureGameTest.php" line="97" assertions="2" time="0.000396"/>
        <testcase name="testPutDownExist" class="App\AdventureGame\AdventureGameTest" classname="App.AdventureGame.AdventureGameTest" file="/home/hafsa/dbwebb-kurser/mvc/me/report/tests/Adventure/AdventureGameTest.php" line="110" assertions="2" time="0.000263"/>
        <testcase name="testCheckItemInBasket" class="App\AdventureGame\AdventureGameTest" classname="App.AdventureGame.AdventureGameTest" file="/home/hafsa/dbwebb-kurser/mvc/me/report/tests/Adventure/AdventureGameTest.php" line="123" assertions="3" time="0.000371"/>
        <testcase name="testInspectRoom" class="App\AdventureGame\AdventureGameTest" classname="App.AdventureGame.AdventureGameTest" file="/home/hafsa/dbwebb-kurser/mvc/me/report/tests/Adventure/AdventureGameTest.php" line="138" assertions="3" time="0.000589"/>
        <testcase name="testInspectItem" class="App\AdventureGame\AdventureGameTest" classname="App.AdventureGame.AdventureGameTest" file="/home/hafsa/dbwebb-kurser/mvc/me/report/tests/Adventure/AdventureGameTest.php" line="150" assertions="3" time="0.000336"/>
        <testcase name="testInspectBasketItem" class="App\AdventureGame\AdventureGameTest" classname="App.AdventureGame.AdventureGameTest" file="/home/hafsa/dbwebb-kurser/mvc/me/report/tests/Adventure/AdventureGameTest.php" line="162" assertions="3" time="0.000325"/>
        <testcase name="testInspectEmptyInput" class="App\AdventureGame\AdventureGameTest" classname="App.AdventureGame.AdventureGameTest" file="/home/hafsa/dbwebb-kurser/mvc/me/report/tests/Adventure/AdventureGameTest.php" line="176" assertions="3" time="0.000316"/>
      </testsuite>
      <testsuite name="App\Card\CardGraphicTest" file="/home/hafsa/dbwebb-kurser/mvc/me/report/tests/Card/CardGraphicTest.php" tests="2" assertions="9" errors="0" warnings="0" failures="0" skipped="0" time="0.001668">
        <testcase name="testCreateObjectWithNoArguments" class="App\Card\CardGraphicTest" classname="App.Card.CardGraphicTest" file="/home/hafsa/dbwebb-kurser/mvc/me/report/tests/Card/CardGraphicTest.php" line="15" assertions="7" time="0.001391"/>
        <testcase name="testGetAsString" class="App\Card\CardGraphicTest" classname="App.Card.CardGraphicTest" file="/home/hafsa/dbwebb-kurser/mvc/me/report/tests/Card/CardGraphicTest.php" line="30" assertions="2" time="0.000277"/>
      </testsuite>
      <testsuite name="App\Card\CardHandTest" file="/home/hafsa/dbwebb-kurser/mvc/me/report/tests/Card/CardHandTest.php" tests="8" assertions="31" errors="0" warnings="0" failures="0" skipped="0" time="0.004738">
        <testcase name="testCreateObjectWithNoArguments" class="App\Card\CardHandTest" classname="App.Card.CardHandTest" file="/home/hafsa/dbwebb-kurser/mvc/me/report/tests/Card/CardHandTest.php" line="15" assertions="2" time="0.000751"/>
        <testcase name="testAddCard" class="App\Card\CardHandTest" classname="App.Card.CardHandTest" file="/home/hafsa/dbwebb-kurser/mvc/me/report/tests/Card/CardHandTest.php" line="26" assertions="1" time="0.000424"/>
        <testcase name="testRemoveCard" class="App\Card\CardHandTest" classname="App.Card.CardHandTest" file="/home/hafsa/dbwebb-kurser/mvc/me/report/tests/Card/CardHandTest.php" line="38" assertions="1" time="0.000284"/>
        <testcase name="testGetValues" class="App\Card\CardHandTest" classname="App.Card.CardHandTest" file="/home/hafsa/dbwebb-kurser/mvc/me/report/tests/Card/CardHandTest.php" line="51" assertions="6" time="0.000777"/>
        <testcase name="testGetStrings" class="App\Card\CardHandTest" classname="App.Card.CardHandTest" file="/home/hafsa/dbwebb-kurser/mvc/me/report/tests/Card/CardHandTest.php" line="75" assertions="5" time="0.000442"/>
        <testcase name="testGetColors" class="App\Card\CardHandTest" classname="App.Card.CardHandTest" file="/home/hafsa/dbwebb-kurser/mvc/me/report/tests/Card/CardHandTest.php" line="98" assertions="5" time="0.000779"/>
        <testcase name="testShuffle" class="App\Card\CardHandTest" classname="App.Card.CardHandTest" file="/home/hafsa/dbwebb-kurser/mvc/me/report/tests/Card/CardHandTest.php" line="121" assertions="3" time="0.000929"/>
        <testcase name="testDraw" class="App\Card\CardHandTest" classname="App.Card.CardHandTest" file="/home/hafsa/dbwebb-kurser/mvc/me/report/tests/Card/CardHandTest.php" line="142" assertions="8" time="0.000351"/>
      </testsuite>
      <testsuite name="App\Card\CardTest" file="/home/hafsa/dbwebb-kurser/mvc/me/report/tests/Card/CardTest.php" tests="6" assertions="27" errors="0" warnings="0" failures="0" skipped="0" time="0.001602">
        <testcase name="testCreateObjectWithNoArguments" class="App\Card\CardTest" classname="App.Card.CardTest" file="/home/hafsa/dbwebb-kurser/mvc/me/report/tests/Card/CardTest.php" line="15" assertions="7" time="0.000264"/>
        <testcase name="testCreateObjectWithArguments" class="App\Card\CardTest" classname="App.Card.CardTest" file="/home/hafsa/dbwebb-kurser/mvc/me/report/tests/Card/CardTest.php" line="30" assertions="9" time="0.000283"/>
        <testcase name="testMethodReturningCardValue" class="App\Card\CardTest" classname="App.Card.CardTest" file="/home/hafsa/dbwebb-kurser/mvc/me/report/tests/Card/CardTest.php" line="50" assertions="6" time="0.000300"/>
        <testcase name="testGetAsString" class="App\Card\CardTest" classname="App.Card.CardTest" file="/home/hafsa/dbwebb-kurser/mvc/me/report/tests/Card/CardTest.php" line="87" assertions="2" time="0.000255"/>
        <testcase name="testGetColor" class="App\Card\CardTest" classname="App.Card.CardTest" file="/home/hafsa/dbwebb-kurser/mvc/me/report/tests/Card/CardTest.php" line="102" assertions="2" time="0.000251"/>
        <testcase name="testDraw" class="App\Card\CardTest" classname="App.Card.CardTest" file="/home/hafsa/dbwebb-kurser/mvc/me/report/tests/Card/CardTest.php" line="122" assertions="1" time="0.000249"/>
      </testsuite>
      <testsuite name="App\Card\DeckOfCardsTest" file="/home/hafsa/dbwebb-kurser/mvc/me/report/tests/Card/DeckOfCardsTest.php" tests="3" assertions="3" errors="0" warnings="0" failures="0" skipped="0" time="0.001824">
        <testcase name="testCreateObjectWithNoArguments" class="App\Card\DeckOfCardsTest" classname="App.Card.DeckOfCardsTest" file="/home/hafsa/dbwebb-kurser/mvc/me/report/tests/Card/DeckOfCardsTest.php" line="32" assertions="1" time="0.000755"/>
        <testcase name="testCompleteDeck" class="App\Card\DeckOfCardsTest" classname="App.Card.DeckOfCardsTest" file="/home/hafsa/dbwebb-kurser/mvc/me/report/tests/Card/DeckOfCardsTest.php" line="41" assertions="1" time="0.000548"/>
        <testcase name="testIncompleteDeck" class="App\Card\DeckOfCardsTest" classname="App.Card.DeckOfCardsTest" file="/home/hafsa/dbwebb-kurser/mvc/me/report/tests/Card/DeckOfCardsTest.php" line="49" assertions="1" time="0.000520"/>
      </testsuite>
      <testsuite name="App\Entity\BookTest" file="/home/hafsa/dbwebb-kurser/mvc/me/report/tests/Entity/BookTest.php" tests="5" assertions="6" errors="0" warnings="0" failures="0" skipped="0" time="0.001696">
        <testcase name="testCreateObject" class="App\Entity\BookTest" classname="App.Entity.BookTest" file="/home/hafsa/dbwebb-kurser/mvc/me/report/tests/Entity/BookTest.php" line="28" assertions="2" time="0.000677"/>
        <testcase name="testSetAndGetIsbn" class="App\Entity\BookTest" classname="App.Entity.BookTest" file="/home/hafsa/dbwebb-kurser/mvc/me/report/tests/Entity/BookTest.php" line="37" assertions="1" time="0.000273"/>
        <testcase name="testSetAndGetTitle" class="App\Entity\BookTest" classname="App.Entity.BookTest" file="/home/hafsa/dbwebb-kurser/mvc/me/report/tests/Entity/BookTest.php" line="48" assertions="1" time="0.000249"/>
        <testcase name="testSetAndGetAuthor" class="App\Entity\BookTest" classname="App.Entity.BookTest" file="/home/hafsa/dbwebb-kurser/mvc/me/report/tests/Entity/BookTest.php" line="59" assertions="1" time="0.000248"/>
        <testcase name="testSetAndGetImage" class="App\Entity\BookTest" classname="App.Entity.BookTest" file="/home/hafsa/dbwebb-kurser/mvc/me/report/tests/Entity/BookTest.php" line="70" assertions="1" time="0.000249"/>
      </testsuite>
      <testsuite name="App\Tests\Entity\ItemTest" file="/home/hafsa/dbwebb-kurser/mvc/me/report/tests/Entity/ItemTest.php" tests="5" assertions="5" errors="0" warnings="0" failures="0" skipped="0" time="0.001195">
        <testcase name="testSetGetName" class="App\Tests\Entity\ItemTest" classname="App.Tests.Entity.ItemTest" file="/home/hafsa/dbwebb-kurser/mvc/me/report/tests/Entity/ItemTest.php" line="14" assertions="1" time="0.000233"/>
        <testcase name="testSetGetDescription" class="App\Tests\Entity\ItemTest" classname="App.Tests.Entity.ItemTest" file="/home/hafsa/dbwebb-kurser/mvc/me/report/tests/Entity/ItemTest.php" line="27" assertions="1" time="0.000238"/>
        <testcase name="testSetGetImage" class="App\Tests\Entity\ItemTest" classname="App.Tests.Entity.ItemTest" file="/home/hafsa/dbwebb-kurser/mvc/me/report/tests/Entity/ItemTest.php" line="40" assertions="1" time="0.000254"/>
        <testcase name="testSetGetRoom" class="App\Tests\Entity\ItemTest" classname="App.Tests.Entity.ItemTest" file="/home/hafsa/dbwebb-kurser/mvc/me/report/tests/Entity/ItemTest.php" line="53" assertions="1" time="0.000226"/>
        <testcase name="testSetGetId" class="App\Tests\Entity\ItemTest" classname="App.Tests.Entity.ItemTest" file="/home/hafsa/dbwebb-kurser/mvc/me/report/tests/Entity/ItemTest.php" line="66" assertions="1" time="0.000244"/>
      </testsuite>
      <testsuite name="App\Entity\ProductTest" file="/home/hafsa/dbwebb-kurser/mvc/me/report/tests/Entity/ProductTest.php" tests="3" assertions="6" errors="0" warnings="0" failures="0" skipped="0" time="0.001088">
        <testcase name="testCreateObject" class="App\Entity\ProductTest" classname="App.Entity.ProductTest" file="/home/hafsa/dbwebb-kurser/mvc/me/report/tests/Entity/ProductTest.php" line="28" assertions="2" time="0.000569"/>
        <testcase name="testSetAndGetName" class="App\Entity\ProductTest" classname="App.Entity.ProductTest" file="/home/hafsa/dbwebb-kurser/mvc/me/report/tests/Entity/ProductTest.php" line="37" assertions="2" time="0.000251"/>
        <testcase name="testSetAndGetValue" class="App\Entity\ProductTest" classname="App.Entity.ProductTest" file="/home/hafsa/dbwebb-kurser/mvc/me/report/tests/Entity/ProductTest.php" line="48" assertions="2" time="0.000268"/>
      </testsuite>
      <testsuite name="App\Tests\Entity\RoomTest" file="/home/hafsa/dbwebb-kurser/mvc/me/report/tests/Entity/RoomTest.php" tests="9" assertions="9" errors="0" warnings="0" failures="0" skipped="0" time="0.002211">
        <testcase name="testSetGetName" class="App\Tests\Entity\RoomTest" classname="App.Tests.Entity.RoomTest" file="/home/hafsa/dbwebb-kurser/mvc/me/report/tests/Entity/RoomTest.php" line="14" assertions="1" time="0.000225"/>
        <testcase name="testSetGetDescription" class="App\Tests\Entity\RoomTest" classname="App.Tests.Entity.RoomTest" file="/home/hafsa/dbwebb-kurser/mvc/me/report/tests/Entity/RoomTest.php" line="27" assertions="1" time="0.000241"/>
        <testcase name="testSetGetImage" class="App\Tests\Entity\RoomTest" classname="App.Tests.Entity.RoomTest" file="/home/hafsa/dbwebb-kurser/mvc/me/report/tests/Entity/RoomTest.php" line="40" assertions="1" time="0.000226"/>
        <testcase name="testSetGetNorth" class="App\Tests\Entity\RoomTest" classname="App.Tests.Entity.RoomTest" file="/home/hafsa/dbwebb-kurser/mvc/me/report/tests/Entity/RoomTest.php" line="53" assertions="1" time="0.000240"/>
        <testcase name="testSetGetSouth" class="App\Tests\Entity\RoomTest" classname="App.Tests.Entity.RoomTest" file="/home/hafsa/dbwebb-kurser/mvc/me/report/tests/Entity/RoomTest.php" line="66" assertions="1" time="0.000226"/>
        <testcase name="testSetGetEast" class="App\Tests\Entity\RoomTest" classname="App.Tests.Entity.RoomTest" file="/home/hafsa/dbwebb-kurser/mvc/me/report/tests/Entity/RoomTest.php" line="79" assertions="1" time="0.000226"/>
        <testcase name="testSetGetWest" class="App\Tests\Entity\RoomTest" classname="App.Tests.Entity.RoomTest" file="/home/hafsa/dbwebb-kurser/mvc/me/report/tests/Entity/RoomTest.php" line="92" assertions="1" time="0.000267"/>
        <testcase name="testSetGetInspect" class="App\Tests\Entity\RoomTest" classname="App.Tests.Entity.RoomTest" file="/home/hafsa/dbwebb-kurser/mvc/me/report/tests/Entity/RoomTest.php" line="105" assertions="1" time="0.000254"/>
        <testcase name="testSetGetId" class="App\Tests\Entity\RoomTest" classname="App.Tests.Entity.RoomTest" file="/home/hafsa/dbwebb-kurser/mvc/me/report/tests/Entity/RoomTest.php" line="118" assertions="1" time="0.000306"/>
      </testsuite>
      <testsuite name="App\Game21\BankTest" file="/home/hafsa/dbwebb-kurser/mvc/me/report/tests/Game21/BankTest.php" tests="1" assertions="3" errors="0" warnings="0" failures="0" skipped="0" time="0.000914">
        <testcase name="testCreateObject" class="App\Game21\BankTest" classname="App.Game21.BankTest" file="/home/hafsa/dbwebb-kurser/mvc/me/report/tests/Game21/BankTest.php" line="15" assertions="3" time="0.000914"/>
      </testsuite>
      <testsuite name="App\Game21\Game21Test" file="/home/hafsa/dbwebb-kurser/mvc/me/report/tests/Game21/Game21Test.php" tests="8" assertions="24" errors="0" warnings="0" failures="0" skipped="0" time="0.006075">
        <testcase name="testCreateObject" class="App\Game21\Game21Test" classname="App.Game21.Game21Test" file="/home/hafsa/dbwebb-kurser/mvc/me/report/tests/Game21/Game21Test.php" line="44" assertions="1" time="0.001399"/>
        <testcase name="testPlayerQueueInGame" class="App\Game21\Game21Test" classname="App.Game21.Game21Test" file="/home/hafsa/dbwebb-kurser/mvc/me/report/tests/Game21/Game21Test.php" line="53" assertions="6" time="0.000921"/>
        <testcase name="testCurrentPlayerHandIsEmpty" class="App\Game21\Game21Test" classname="App.Game21.Game21Test" file="/home/hafsa/dbwebb-kurser/mvc/me/report/tests/Game21/Game21Test.php" line="77" assertions="3" time="0.000533"/>
        <testcase name="testCardDeckInGame" class="App\Game21\Game21Test" classname="App.Game21.Game21Test" file="/home/hafsa/dbwebb-kurser/mvc/me/report/tests/Game21/Game21Test.php" line="91" assertions="6" time="0.000607"/>
        <testcase name="testHandTotalWithAceLower" class="App\Game21\Game21Test" classname="App.Game21.Game21Test" file="/home/hafsa/dbwebb-kurser/mvc/me/report/tests/Game21/Game21Test.php" line="112" assertions="2" time="0.000578"/>
        <testcase name="testHandTotalWithAceGreater" class="App\Game21\Game21Test" classname="App.Game21.Game21Test" file="/home/hafsa/dbwebb-kurser/mvc/me/report/tests/Game21/Game21Test.php" line="135" assertions="2" time="0.000575"/>
        <testcase name="testHandTotalWithoutAceLower" class="App\Game21\Game21Test" classname="App.Game21.Game21Test" file="/home/hafsa/dbwebb-kurser/mvc/me/report/tests/Game21/Game21Test.php" line="158" assertions="2" time="0.000627"/>
        <testcase name="testHandTotalWithoutAceGreater" class="App\Game21\Game21Test" classname="App.Game21.Game21Test" file="/home/hafsa/dbwebb-kurser/mvc/me/report/tests/Game21/Game21Test.php" line="181" assertions="2" time="0.000835"/>
      </testsuite>
      <testsuite name="App\Game21\Game21WinStatusTest" file="/home/hafsa/dbwebb-kurser/mvc/me/report/tests/Game21/Game21WinStatusTest.php" tests="6" assertions="24" errors="0" warnings="0" failures="0" skipped="0" time="0.003893">
        <testcase name="testNoLoserStatusYet" class="App\Game21\Game21WinStatusTest" classname="App.Game21.Game21WinStatusTest" file="/home/hafsa/dbwebb-kurser/mvc/me/report/tests/Game21/Game21WinStatusTest.php" line="45" assertions="4" time="0.000675"/>
        <testcase name="testPlayersHandTotalGreaterThan21" class="App\Game21\Game21WinStatusTest" classname="App.Game21.Game21WinStatusTest" file="/home/hafsa/dbwebb-kurser/mvc/me/report/tests/Game21/Game21WinStatusTest.php" line="73" assertions="4" time="0.000600"/>
        <testcase name="testPlayersHandTotalCloserTo21" class="App\Game21\Game21WinStatusTest" classname="App.Game21.Game21WinStatusTest" file="/home/hafsa/dbwebb-kurser/mvc/me/report/tests/Game21/Game21WinStatusTest.php" line="101" assertions="4" time="0.000640"/>
        <testcase name="testBanksHandTotalCloserTo21" class="App\Game21\Game21WinStatusTest" classname="App.Game21.Game21WinStatusTest" file="/home/hafsa/dbwebb-kurser/mvc/me/report/tests/Game21/Game21WinStatusTest.php" line="137" assertions="4" time="0.000637"/>
        <testcase name="testBanksHandTotalGreaterThan21" class="App\Game21\Game21WinStatusTest" classname="App.Game21.Game21WinStatusTest" file="/home/hafsa/dbwebb-kurser/mvc/me/report/tests/Game21/Game21WinStatusTest.php" line="173" assertions="4" time="0.000690"/>
        <testcase name="testHandTotalEqual" class="App\Game21\Game21WinStatusTest" classname="App.Game21.Game21WinStatusTest" file="/home/hafsa/dbwebb-kurser/mvc/me/report/tests/Game21/Game21WinStatusTest.php" line="210" assertions="4" time="0.000651"/>
      </testsuite>
      <testsuite name="App\Game21\PlayerTest" file="/home/hafsa/dbwebb-kurser/mvc/me/report/tests/Game21/PlayerTest.php" tests="6" assertions="18" errors="0" warnings="0" failures="0" skipped="0" time="0.001795">
        <testcase name="testCreateObject" class="App\Game21\PlayerTest" classname="App.Game21.PlayerTest" file="/home/hafsa/dbwebb-kurser/mvc/me/report/tests/Game21/PlayerTest.php" line="42" assertions="3" time="0.000258"/>
        <testcase name="testGetHandCount" class="App\Game21\PlayerTest" classname="App.Game21.PlayerTest" file="/home/hafsa/dbwebb-kurser/mvc/me/report/tests/Game21/PlayerTest.php" line="52" assertions="2" time="0.000260"/>
        <testcase name="testAddCard" class="App\Game21\PlayerTest" classname="App.Game21.PlayerTest" file="/home/hafsa/dbwebb-kurser/mvc/me/report/tests/Game21/PlayerTest.php" line="61" assertions="1" time="0.000324"/>
        <testcase name="testGetHandAsString" class="App\Game21\PlayerTest" classname="App.Game21.PlayerTest" file="/home/hafsa/dbwebb-kurser/mvc/me/report/tests/Game21/PlayerTest.php" line="76" assertions="4" time="0.000320"/>
        <testcase name="testGetHandValues" class="App\Game21\PlayerTest" classname="App.Game21.PlayerTest" file="/home/hafsa/dbwebb-kurser/mvc/me/report/tests/Game21/PlayerTest.php" line="91" assertions="5" time="0.000314"/>
        <testcase name="testGetHandColors" class="App\Game21\PlayerTest" classname="App.Game21.PlayerTest" file="/home/hafsa/dbwebb-kurser/mvc/me/report/tests/Game21/PlayerTest.php" line="107" assertions="3" time="0.000319"/>
      </testsuite>
    </testsuite>
  </testsuite>
</testsuites>
