<?xml version="1.0" encoding="UTF-8"?>
<testsuites>
  <testsuite name="" tests="40" assertions="139" errors="0" warnings="0" failures="0" skipped="0" time="0.030669">
    <testsuite name="Project Test Suite" tests="40" assertions="139" errors="0" warnings="0" failures="0" skipped="0" time="0.030669">
      <testsuite name="App\Card\CardGraphicTest" file="/home/hafsa/dbwebb-kurser/mvc/me/report/tests/Card/CardGraphicTest.php" tests="2" assertions="9" errors="0" warnings="0" failures="0" skipped="0" time="0.005937">
        <testcase name="testCreateObjectWithNoArguments" class="App\Card\CardGraphicTest" classname="App.Card.CardGraphicTest" file="/home/hafsa/dbwebb-kurser/mvc/me/report/tests/Card/CardGraphicTest.php" line="15" assertions="7" time="0.005312"/>
        <testcase name="testGetAsString" class="App\Card\CardGraphicTest" classname="App.Card.CardGraphicTest" file="/home/hafsa/dbwebb-kurser/mvc/me/report/tests/Card/CardGraphicTest.php" line="30" assertions="2" time="0.000625"/>
      </testsuite>
      <testsuite name="App\Card\CardHandTest" file="/home/hafsa/dbwebb-kurser/mvc/me/report/tests/Card/CardHandTest.php" tests="8" assertions="31" errors="0" warnings="0" failures="0" skipped="0" time="0.005994">
        <testcase name="testCreateObjectWithNoArguments" class="App\Card\CardHandTest" classname="App.Card.CardHandTest" file="/home/hafsa/dbwebb-kurser/mvc/me/report/tests/Card/CardHandTest.php" line="15" assertions="2" time="0.001210"/>
        <testcase name="testAddCard" class="App\Card\CardHandTest" classname="App.Card.CardHandTest" file="/home/hafsa/dbwebb-kurser/mvc/me/report/tests/Card/CardHandTest.php" line="26" assertions="1" time="0.000320"/>
        <testcase name="testRemoveCard" class="App\Card\CardHandTest" classname="App.Card.CardHandTest" file="/home/hafsa/dbwebb-kurser/mvc/me/report/tests/Card/CardHandTest.php" line="38" assertions="1" time="0.000368"/>
        <testcase name="testGetValues" class="App\Card\CardHandTest" classname="App.Card.CardHandTest" file="/home/hafsa/dbwebb-kurser/mvc/me/report/tests/Card/CardHandTest.php" line="51" assertions="6" time="0.001217"/>
        <testcase name="testGetStrings" class="App\Card\CardHandTest" classname="App.Card.CardHandTest" file="/home/hafsa/dbwebb-kurser/mvc/me/report/tests/Card/CardHandTest.php" line="75" assertions="5" time="0.000641"/>
        <testcase name="testGetColors" class="App\Card\CardHandTest" classname="App.Card.CardHandTest" file="/home/hafsa/dbwebb-kurser/mvc/me/report/tests/Card/CardHandTest.php" line="98" assertions="5" time="0.000477"/>
        <testcase name="testShuffle" class="App\Card\CardHandTest" classname="App.Card.CardHandTest" file="/home/hafsa/dbwebb-kurser/mvc/me/report/tests/Card/CardHandTest.php" line="121" assertions="3" time="0.001147"/>
        <testcase name="testDraw" class="App\Card\CardHandTest" classname="App.Card.CardHandTest" file="/home/hafsa/dbwebb-kurser/mvc/me/report/tests/Card/CardHandTest.php" line="142" assertions="8" time="0.000614"/>
      </testsuite>
      <testsuite name="App\Card\CardTest" file="/home/hafsa/dbwebb-kurser/mvc/me/report/tests/Card/CardTest.php" tests="6" assertions="27" errors="0" warnings="0" failures="0" skipped="0" time="0.002034">
        <testcase name="testCreateObjectWithNoArguments" class="App\Card\CardTest" classname="App.Card.CardTest" file="/home/hafsa/dbwebb-kurser/mvc/me/report/tests/Card/CardTest.php" line="15" assertions="7" time="0.000296"/>
        <testcase name="testCreateObjectWithArguments" class="App\Card\CardTest" classname="App.Card.CardTest" file="/home/hafsa/dbwebb-kurser/mvc/me/report/tests/Card/CardTest.php" line="30" assertions="9" time="0.000298"/>
        <testcase name="testMethodReturningCardValue" class="App\Card\CardTest" classname="App.Card.CardTest" file="/home/hafsa/dbwebb-kurser/mvc/me/report/tests/Card/CardTest.php" line="50" assertions="6" time="0.000312"/>
        <testcase name="testGetAsString" class="App\Card\CardTest" classname="App.Card.CardTest" file="/home/hafsa/dbwebb-kurser/mvc/me/report/tests/Card/CardTest.php" line="87" assertions="2" time="0.000657"/>
        <testcase name="testGetColor" class="App\Card\CardTest" classname="App.Card.CardTest" file="/home/hafsa/dbwebb-kurser/mvc/me/report/tests/Card/CardTest.php" line="102" assertions="2" time="0.000226"/>
        <testcase name="testDraw" class="App\Card\CardTest" classname="App.Card.CardTest" file="/home/hafsa/dbwebb-kurser/mvc/me/report/tests/Card/CardTest.php" line="122" assertions="1" time="0.000245"/>
      </testsuite>
      <testsuite name="App\Card\DeckOfCardsTest" file="/home/hafsa/dbwebb-kurser/mvc/me/report/tests/Card/DeckOfCardsTest.php" tests="3" assertions="3" errors="0" warnings="0" failures="0" skipped="0" time="0.002048">
        <testcase name="testCreateObjectWithNoArguments" class="App\Card\DeckOfCardsTest" classname="App.Card.DeckOfCardsTest" file="/home/hafsa/dbwebb-kurser/mvc/me/report/tests/Card/DeckOfCardsTest.php" line="32" assertions="1" time="0.000700"/>
        <testcase name="testCompleteDeck" class="App\Card\DeckOfCardsTest" classname="App.Card.DeckOfCardsTest" file="/home/hafsa/dbwebb-kurser/mvc/me/report/tests/Card/DeckOfCardsTest.php" line="41" assertions="1" time="0.000661"/>
        <testcase name="testIncompleteDeck" class="App\Card\DeckOfCardsTest" classname="App.Card.DeckOfCardsTest" file="/home/hafsa/dbwebb-kurser/mvc/me/report/tests/Card/DeckOfCardsTest.php" line="49" assertions="1" time="0.000687"/>
      </testsuite>
      <testsuite name="App\Game21\BankTest" file="/home/hafsa/dbwebb-kurser/mvc/me/report/tests/Game21/BankTest.php" tests="1" assertions="3" errors="0" warnings="0" failures="0" skipped="0" time="0.000716">
        <testcase name="testCreateObject" class="App\Game21\BankTest" classname="App.Game21.BankTest" file="/home/hafsa/dbwebb-kurser/mvc/me/report/tests/Game21/BankTest.php" line="15" assertions="3" time="0.000716"/>
      </testsuite>
      <testsuite name="App\Game21\Game21Test" file="/home/hafsa/dbwebb-kurser/mvc/me/report/tests/Game21/Game21Test.php" tests="8" assertions="24" errors="0" warnings="0" failures="0" skipped="0" time="0.006185">
        <testcase name="testCreateObject" class="App\Game21\Game21Test" classname="App.Game21.Game21Test" file="/home/hafsa/dbwebb-kurser/mvc/me/report/tests/Game21/Game21Test.php" line="44" assertions="1" time="0.001119"/>
        <testcase name="testPlayerQueueInGame" class="App\Game21\Game21Test" classname="App.Game21.Game21Test" file="/home/hafsa/dbwebb-kurser/mvc/me/report/tests/Game21/Game21Test.php" line="53" assertions="6" time="0.000758"/>
        <testcase name="testCurrentPlayerHandIsEmpty" class="App\Game21\Game21Test" classname="App.Game21.Game21Test" file="/home/hafsa/dbwebb-kurser/mvc/me/report/tests/Game21/Game21Test.php" line="77" assertions="3" time="0.001065"/>
        <testcase name="testCardDeckInGame" class="App\Game21\Game21Test" classname="App.Game21.Game21Test" file="/home/hafsa/dbwebb-kurser/mvc/me/report/tests/Game21/Game21Test.php" line="91" assertions="6" time="0.000756"/>
        <testcase name="testHandTotalWithAceLower" class="App\Game21\Game21Test" classname="App.Game21.Game21Test" file="/home/hafsa/dbwebb-kurser/mvc/me/report/tests/Game21/Game21Test.php" line="112" assertions="2" time="0.000657"/>
        <testcase name="testHandTotalWithAceGreater" class="App\Game21\Game21Test" classname="App.Game21.Game21Test" file="/home/hafsa/dbwebb-kurser/mvc/me/report/tests/Game21/Game21Test.php" line="135" assertions="2" time="0.000609"/>
        <testcase name="testHandTotalWithoutAceLower" class="App\Game21\Game21Test" classname="App.Game21.Game21Test" file="/home/hafsa/dbwebb-kurser/mvc/me/report/tests/Game21/Game21Test.php" line="158" assertions="2" time="0.000619"/>
        <testcase name="testHandTotalWithoutAceGreater" class="App\Game21\Game21Test" classname="App.Game21.Game21Test" file="/home/hafsa/dbwebb-kurser/mvc/me/report/tests/Game21/Game21Test.php" line="181" assertions="2" time="0.000602"/>
      </testsuite>
      <testsuite name="App\Game21\Game21WinStatusTest" file="/home/hafsa/dbwebb-kurser/mvc/me/report/tests/Game21/Game21WinStatusTest.php" tests="6" assertions="24" errors="0" warnings="0" failures="0" skipped="0" time="0.005443">
        <testcase name="testNoLoserStatusYet" class="App\Game21\Game21WinStatusTest" classname="App.Game21.Game21WinStatusTest" file="/home/hafsa/dbwebb-kurser/mvc/me/report/tests/Game21/Game21WinStatusTest.php" line="45" assertions="4" time="0.001602"/>
        <testcase name="testPlayersHandTotalGreaterThan21" class="App\Game21\Game21WinStatusTest" classname="App.Game21.Game21WinStatusTest" file="/home/hafsa/dbwebb-kurser/mvc/me/report/tests/Game21/Game21WinStatusTest.php" line="73" assertions="4" time="0.000692"/>
        <testcase name="testPlayersHandTotalCloserTo21" class="App\Game21\Game21WinStatusTest" classname="App.Game21.Game21WinStatusTest" file="/home/hafsa/dbwebb-kurser/mvc/me/report/tests/Game21/Game21WinStatusTest.php" line="101" assertions="4" time="0.000721"/>
        <testcase name="testBanksHandTotalCloserTo21" class="App\Game21\Game21WinStatusTest" classname="App.Game21.Game21WinStatusTest" file="/home/hafsa/dbwebb-kurser/mvc/me/report/tests/Game21/Game21WinStatusTest.php" line="137" assertions="4" time="0.000675"/>
        <testcase name="testBanksHandTotalGreaterThan21" class="App\Game21\Game21WinStatusTest" classname="App.Game21.Game21WinStatusTest" file="/home/hafsa/dbwebb-kurser/mvc/me/report/tests/Game21/Game21WinStatusTest.php" line="173" assertions="4" time="0.000679"/>
        <testcase name="testHandTotalEqual" class="App\Game21\Game21WinStatusTest" classname="App.Game21.Game21WinStatusTest" file="/home/hafsa/dbwebb-kurser/mvc/me/report/tests/Game21/Game21WinStatusTest.php" line="210" assertions="4" time="0.001076"/>
      </testsuite>
      <testsuite name="App\Game21\PlayerTest" file="/home/hafsa/dbwebb-kurser/mvc/me/report/tests/Game21/PlayerTest.php" tests="6" assertions="18" errors="0" warnings="0" failures="0" skipped="0" time="0.002312">
        <testcase name="testCreateObject" class="App\Game21\PlayerTest" classname="App.Game21.PlayerTest" file="/home/hafsa/dbwebb-kurser/mvc/me/report/tests/Game21/PlayerTest.php" line="42" assertions="3" time="0.000312"/>
        <testcase name="testGetHandCount" class="App\Game21\PlayerTest" classname="App.Game21.PlayerTest" file="/home/hafsa/dbwebb-kurser/mvc/me/report/tests/Game21/PlayerTest.php" line="52" assertions="2" time="0.000271"/>
        <testcase name="testAddCard" class="App\Game21\PlayerTest" classname="App.Game21.PlayerTest" file="/home/hafsa/dbwebb-kurser/mvc/me/report/tests/Game21/PlayerTest.php" line="61" assertions="1" time="0.000661"/>
        <testcase name="testGetHandAsString" class="App\Game21\PlayerTest" classname="App.Game21.PlayerTest" file="/home/hafsa/dbwebb-kurser/mvc/me/report/tests/Game21/PlayerTest.php" line="76" assertions="4" time="0.000392"/>
        <testcase name="testGetHandValues" class="App\Game21\PlayerTest" classname="App.Game21.PlayerTest" file="/home/hafsa/dbwebb-kurser/mvc/me/report/tests/Game21/PlayerTest.php" line="91" assertions="5" time="0.000367"/>
        <testcase name="testGetHandColors" class="App\Game21\PlayerTest" classname="App.Game21.PlayerTest" file="/home/hafsa/dbwebb-kurser/mvc/me/report/tests/Game21/PlayerTest.php" line="107" assertions="3" time="0.000309"/>
      </testsuite>
    </testsuite>
  </testsuite>
</testsuites>
